[0.009s] Invoking command in '/home/sage/arm/build/your_moveit_config': /usr/bin/cmake /home/sage/arm/src/your_moveit_config -DCMAKE_INSTALL_PREFIX=/home/sage/arm/install/your_moveit_config
[0.051s] -- The C compiler identification is GNU 11.4.0
[0.093s] -- The CXX compiler identification is GNU 11.4.0
[0.098s] -- Detecting C compiler ABI info
[0.161s] -- Detecting C compiler ABI info - done
[0.165s] -- Check for working C compiler: /usr/bin/cc - skipped
[0.166s] -- Detecting C compile features
[0.166s] -- Detecting C compile features - done
[0.168s] -- Detecting CXX compiler ABI info
[0.236s] -- Detecting CXX compiler ABI info - done
[0.243s] -- Check for working CXX compiler: /usr/bin/c++ - skipped
[0.243s] -- Detecting CXX compile features
[0.243s] -- Detecting CXX compile features - done
[0.247s] -- Found ament_cmake: 1.3.9 (/opt/ros/humble/share/ament_cmake/cmake)
[0.506s] -- Found Python3: /usr/bin/python3 (found version "3.10.12") found components: Interpreter 
[0.628s] Error parsing '/home/sage/arm/src/your_moveit_config/package.xml':
[0.659s] Traceback (most recent call last):
[0.659s]   File "/opt/ros/humble/share/ament_cmake_core/cmake/core/package_xml_2_cmake.py", line 150, in <module>
[0.659s]     main()
[0.660s]   File "/opt/ros/humble/share/ament_cmake_core/cmake/core/package_xml_2_cmake.py", line 53, in main
[0.660s]     raise e
[0.660s]   File "/opt/ros/humble/share/ament_cmake_core/cmake/core/package_xml_2_cmake.py", line 49, in main
[0.660s]     package = parse_package_string(
[0.660s]   File "/usr/lib/python3/dist-packages/catkin_pkg/package.py", line 788, in parse_package_string
[0.662s]     pkg.validate(warnings=warnings)
[0.662s]   File "/usr/lib/python3/dist-packages/catkin_pkg/package.py", line 330, in validate
[0.662s]     raise InvalidPackage('\n'.join(errors), self.filename)
[0.662s] catkin_pkg.package.InvalidPackage: Error(s) in package '/home/sage/arm/src/your_moveit_config/package.xml':
[0.662s] Invalid email "" for person ""
[0.662s] Maintainers must have an email address
[0.662s] Invalid email "" for person ""
[0.670s] [31mCMake Error at /opt/ros/humble/share/ament_cmake_core/cmake/core/ament_package_xml.cmake:95 (message):
[0.670s]   execute_process(/usr/bin/python3
[0.670s]   /opt/ros/humble/share/ament_cmake_core/cmake/core/package_xml_2_cmake.py
[0.670s]   /home/sage/arm/src/your_moveit_config/package.xml
[0.670s]   /home/sage/arm/build/your_moveit_config/ament_cmake_core/package.cmake)
[0.670s]   returned error code 1
[0.670s] Call Stack (most recent call first):
[0.671s]   /opt/ros/humble/share/ament_cmake_core/cmake/core/ament_package_xml.cmake:49 (_ament_package_xml)
[0.671s]   /opt/ros/humble/share/ament_cmake_core/cmake/core/ament_package.cmake:63 (ament_package_xml)
[0.671s]   CMakeLists.txt:6 (ament_package)
[0.671s] 
[0.671s] [0m
[0.671s] -- Configuring incomplete, errors occurred!
[0.671s] See also "/home/sage/arm/build/your_moveit_config/CMakeFiles/CMakeOutput.log".
[0.673s] Invoked command in '/home/sage/arm/build/your_moveit_config' returned '1': /usr/bin/cmake /home/sage/arm/src/your_moveit_config -DCMAKE_INSTALL_PREFIX=/home/sage/arm/install/your_moveit_config
