[0.014s] Invoking command in '/home/sage/arm/build/robotic_arm': CMAKE_PREFIX_PATH=${CMAKE_PREFIX_PATH}:/home/sage/colcon_ws/install/ur5_control:/home/sage/microros_ws/install/sensor_msgs_py:/home/sage/ros/install/my_robo:/home/sage/ros/install/cartographer_launch:/home/sage/ros/install/assign:/opt/ros/humble /usr/bin/cmake /home/sage/arm/src/robotic_arm -DCMAKE_INSTALL_PREFIX=/home/sage/arm/install/robotic_arm
[0.049s] -- Found ament_cmake: 1.3.9 (/opt/ros/humble/share/ament_cmake/cmake)
[0.166s] -- Override CMake install command with custom implementation using symlinks instead of copying resources
[0.231s] -- Configuring done
[0.235s] -- Generating done
[0.236s] -- Build files have been written to: /home/sage/arm/build/robotic_arm
[0.239s] Invoked command in '/home/sage/arm/build/robotic_arm' returned '0': CMAKE_PREFIX_PATH=${CMAKE_PREFIX_PATH}:/home/sage/colcon_ws/install/ur5_control:/home/sage/microros_ws/install/sensor_msgs_py:/home/sage/ros/install/my_robo:/home/sage/ros/install/cartographer_launch:/home/sage/ros/install/assign:/opt/ros/humble /usr/bin/cmake /home/sage/arm/src/robotic_arm -DCMAKE_INSTALL_PREFIX=/home/sage/arm/install/robotic_arm
[0.240s] Invoking command in '/home/sage/arm/build/robotic_arm': CMAKE_PREFIX_PATH=${CMAKE_PREFIX_PATH}:/home/sage/colcon_ws/install/ur5_control:/home/sage/microros_ws/install/sensor_msgs_py:/home/sage/ros/install/my_robo:/home/sage/ros/install/cartographer_launch:/home/sage/ros/install/assign:/opt/ros/humble /usr/bin/cmake --build /home/sage/arm/build/robotic_arm -- -j16 -l16
[0.273s] Invoked command in '/home/sage/arm/build/robotic_arm' returned '0': CMAKE_PREFIX_PATH=${CMAKE_PREFIX_PATH}:/home/sage/colcon_ws/install/ur5_control:/home/sage/microros_ws/install/sensor_msgs_py:/home/sage/ros/install/my_robo:/home/sage/ros/install/cartographer_launch:/home/sage/ros/install/assign:/opt/ros/humble /usr/bin/cmake --build /home/sage/arm/build/robotic_arm -- -j16 -l16
[0.305s] Invoking command in '/home/sage/arm/build/robotic_arm': CMAKE_PREFIX_PATH=${CMAKE_PREFIX_PATH}:/home/sage/colcon_ws/install/ur5_control:/home/sage/microros_ws/install/sensor_msgs_py:/home/sage/ros/install/my_robo:/home/sage/ros/install/cartographer_launch:/home/sage/ros/install/assign:/opt/ros/humble /usr/bin/cmake --install /home/sage/arm/build/robotic_arm
[0.313s] -- Install configuration: ""
[0.314s] -- Execute custom install script
[0.314s] -- Up-to-date symlink: /home/sage/arm/install/robotic_arm/share/robotic_arm/urdf/robotic_arm.urdf
[0.314s] -- Up-to-date symlink: /home/sage/arm/install/robotic_arm/share/robotic_arm/meshes/base_link.STL
[0.314s] -- Up-to-date symlink: /home/sage/arm/install/robotic_arm/share/robotic_arm/meshes/ee_link.STL
[0.314s] -- Up-to-date symlink: /home/sage/arm/install/robotic_arm/share/robotic_arm/meshes/elbow_link.STL
[0.314s] -- Up-to-date symlink: /home/sage/arm/install/robotic_arm/share/robotic_arm/meshes/shoulder_link.STL
[0.314s] -- Up-to-date symlink: /home/sage/arm/install/robotic_arm/share/robotic_arm/meshes/upper_arm_link.STL
[0.315s] -- Up-to-date symlink: /home/sage/arm/install/robotic_arm/share/robotic_arm/meshes/wrist_link.STL
[0.315s] -- Up-to-date symlink: /home/sage/arm/install/robotic_arm/share/ament_index/resource_index/package_run_dependencies/robotic_arm
[0.315s] -- Up-to-date symlink: /home/sage/arm/install/robotic_arm/share/ament_index/resource_index/parent_prefix_path/robotic_arm
[0.316s] -- Up-to-date symlink: /home/sage/arm/install/robotic_arm/share/robotic_arm/environment/ament_prefix_path.sh
[0.316s] -- Up-to-date symlink: /home/sage/arm/install/robotic_arm/share/robotic_arm/environment/ament_prefix_path.dsv
[0.316s] -- Up-to-date symlink: /home/sage/arm/install/robotic_arm/share/robotic_arm/environment/path.sh
[0.317s] -- Up-to-date symlink: /home/sage/arm/install/robotic_arm/share/robotic_arm/environment/path.dsv
[0.317s] -- Up-to-date symlink: /home/sage/arm/install/robotic_arm/share/robotic_arm/local_setup.bash
[0.317s] -- Up-to-date symlink: /home/sage/arm/install/robotic_arm/share/robotic_arm/local_setup.sh
[0.317s] -- Up-to-date symlink: /home/sage/arm/install/robotic_arm/share/robotic_arm/local_setup.zsh
[0.317s] -- Up-to-date symlink: /home/sage/arm/install/robotic_arm/share/robotic_arm/local_setup.dsv
[0.317s] -- Symlinking: /home/sage/arm/install/robotic_arm/share/robotic_arm/package.dsv
[0.324s] -- Up-to-date symlink: /home/sage/arm/install/robotic_arm/share/ament_index/resource_index/packages/robotic_arm
[0.325s] -- Up-to-date symlink: /home/sage/arm/install/robotic_arm/share/robotic_arm/cmake/robotic_armConfig.cmake
[0.325s] -- Up-to-date symlink: /home/sage/arm/install/robotic_arm/share/robotic_arm/cmake/robotic_armConfig-version.cmake
[0.325s] -- Up-to-date symlink: /home/sage/arm/install/robotic_arm/share/robotic_arm/package.xml
[0.326s] Invoked command in '/home/sage/arm/build/robotic_arm' returned '0': CMAKE_PREFIX_PATH=${CMAKE_PREFIX_PATH}:/home/sage/colcon_ws/install/ur5_control:/home/sage/microros_ws/install/sensor_msgs_py:/home/sage/ros/install/my_robo:/home/sage/ros/install/cartographer_launch:/home/sage/ros/install/assign:/opt/ros/humble /usr/bin/cmake --install /home/sage/arm/build/robotic_arm
