[0.133s] DEBUG:colcon:Command line arguments: ['/usr/bin/colcon', 'build', '--symlink-install']
[0.133s] DEBUG:colcon:Parsed command line arguments: Namespace(log_base=None, log_level=None, verb_name='build', build_base='build', install_base='install', merge_install=False, symlink_install=True, test_result_base=None, continue_on_error=False, executor='parallel', parallel_workers=16, event_handlers=None, ignore_user_meta=False, metas=['./colcon.meta'], base_paths=['.'], packages_ignore=None, packages_ignore_regex=None, paths=None, packages_up_to=None, packages_up_to_regex=None, packages_above=None, packages_above_and_dependencies=None, packages_above_depth=None, packages_select_by_dep=None, packages_skip_by_dep=None, packages_skip_up_to=None, packages_select_build_failed=False, packages_skip_build_finished=False, packages_select_test_failures=False, packages_skip_test_passed=False, packages_select=None, packages_skip=None, packages_select_regex=None, packages_skip_regex=None, packages_start=None, packages_end=None, allow_overriding=[], cmake_args=None, cmake_target=None, cmake_target_skip_unavailable=False, cmake_clean_cache=False, cmake_clean_first=False, cmake_force_configure=False, ament_cmake_args=None, catkin_cmake_args=None, catkin_skip_building_tests=False, verb_parser=<colcon_defaults.argument_parser.defaults.DefaultArgumentsDecorator object at 0x7e53197596f0>, verb_extension=<colcon_core.verb.build.BuildVerb object at 0x7e53197591e0>, main=<bound method BuildVerb.main of <colcon_core.verb.build.BuildVerb object at 0x7e53197591e0>>)
[0.285s] Level 1:colcon.colcon_core.package_discovery:discover_packages(colcon_meta) check parameters
[0.285s] Level 1:colcon.colcon_core.package_discovery:discover_packages(recursive) check parameters
[0.285s] Level 1:colcon.colcon_core.package_discovery:discover_packages(ignore) check parameters
[0.285s] Level 1:colcon.colcon_core.package_discovery:discover_packages(path) check parameters
[0.285s] Level 1:colcon.colcon_core.package_discovery:discover_packages(colcon_meta) discover
[0.285s] Level 1:colcon.colcon_core.package_discovery:discover_packages(recursive) discover
[0.285s] INFO:colcon.colcon_core.package_discovery:Crawling recursively for packages in '/home/sage/arm'
[0.286s] Level 1:colcon.colcon_core.package_identification:_identify(.) by extensions ['ignore', 'ignore_ament_install']
[0.286s] Level 1:colcon.colcon_core.package_identification:_identify(.) by extension 'ignore'
[0.286s] Level 1:colcon.colcon_core.package_identification:_identify(.) by extension 'ignore_ament_install'
[0.286s] Level 1:colcon.colcon_core.package_identification:_identify(.) by extensions ['colcon_pkg']
[0.286s] Level 1:colcon.colcon_core.package_identification:_identify(.) by extension 'colcon_pkg'
[0.286s] Level 1:colcon.colcon_core.package_identification:_identify(.) by extensions ['colcon_meta']
[0.286s] Level 1:colcon.colcon_core.package_identification:_identify(.) by extension 'colcon_meta'
[0.286s] Level 1:colcon.colcon_core.package_identification:_identify(.) by extensions ['ros']
[0.286s] Level 1:colcon.colcon_core.package_identification:_identify(.) by extension 'ros'
[0.310s] Level 1:colcon.colcon_core.package_identification:_identify(.) by extensions ['cmake', 'python']
[0.310s] Level 1:colcon.colcon_core.package_identification:_identify(.) by extension 'cmake'
[0.310s] Level 1:colcon.colcon_core.package_identification:_identify(.) by extension 'python'
[0.310s] Level 1:colcon.colcon_core.package_identification:_identify(.) by extensions ['python_setup_py']
[0.310s] Level 1:colcon.colcon_core.package_identification:_identify(.) by extension 'python_setup_py'
[0.310s] Level 1:colcon.colcon_core.package_identification:_identify(build) by extensions ['ignore', 'ignore_ament_install']
[0.310s] Level 1:colcon.colcon_core.package_identification:_identify(build) by extension 'ignore'
[0.310s] Level 1:colcon.colcon_core.package_identification:_identify(build) ignored
[0.310s] Level 1:colcon.colcon_core.package_identification:_identify(install) by extensions ['ignore', 'ignore_ament_install']
[0.310s] Level 1:colcon.colcon_core.package_identification:_identify(install) by extension 'ignore'
[0.311s] Level 1:colcon.colcon_core.package_identification:_identify(install) ignored
[0.311s] Level 1:colcon.colcon_core.package_identification:_identify(log) by extensions ['ignore', 'ignore_ament_install']
[0.311s] Level 1:colcon.colcon_core.package_identification:_identify(log) by extension 'ignore'
[0.311s] Level 1:colcon.colcon_core.package_identification:_identify(log) ignored
[0.311s] Level 1:colcon.colcon_core.package_identification:_identify(src) by extensions ['ignore', 'ignore_ament_install']
[0.311s] Level 1:colcon.colcon_core.package_identification:_identify(src) by extension 'ignore'
[0.311s] Level 1:colcon.colcon_core.package_identification:_identify(src) by extension 'ignore_ament_install'
[0.311s] Level 1:colcon.colcon_core.package_identification:_identify(src) by extensions ['colcon_pkg']
[0.311s] Level 1:colcon.colcon_core.package_identification:_identify(src) by extension 'colcon_pkg'
[0.311s] Level 1:colcon.colcon_core.package_identification:_identify(src) by extensions ['colcon_meta']
[0.311s] Level 1:colcon.colcon_core.package_identification:_identify(src) by extension 'colcon_meta'
[0.311s] Level 1:colcon.colcon_core.package_identification:_identify(src) by extensions ['ros']
[0.311s] Level 1:colcon.colcon_core.package_identification:_identify(src) by extension 'ros'
[0.311s] Level 1:colcon.colcon_core.package_identification:_identify(src) by extensions ['cmake', 'python']
[0.311s] Level 1:colcon.colcon_core.package_identification:_identify(src) by extension 'cmake'
[0.311s] Level 1:colcon.colcon_core.package_identification:_identify(src) by extension 'python'
[0.312s] Level 1:colcon.colcon_core.package_identification:_identify(src) by extensions ['python_setup_py']
[0.312s] Level 1:colcon.colcon_core.package_identification:_identify(src) by extension 'python_setup_py'
[0.312s] Level 1:colcon.colcon_core.package_identification:_identify(src/robotic_arm) by extensions ['ignore', 'ignore_ament_install']
[0.312s] Level 1:colcon.colcon_core.package_identification:_identify(src/robotic_arm) by extension 'ignore'
[0.312s] Level 1:colcon.colcon_core.package_identification:_identify(src/robotic_arm) by extension 'ignore_ament_install'
[0.312s] Level 1:colcon.colcon_core.package_identification:_identify(src/robotic_arm) by extensions ['colcon_pkg']
[0.312s] Level 1:colcon.colcon_core.package_identification:_identify(src/robotic_arm) by extension 'colcon_pkg'
[0.312s] Level 1:colcon.colcon_core.package_identification:_identify(src/robotic_arm) by extensions ['colcon_meta']
[0.312s] Level 1:colcon.colcon_core.package_identification:_identify(src/robotic_arm) by extension 'colcon_meta'
[0.312s] Level 1:colcon.colcon_core.package_identification:_identify(src/robotic_arm) by extensions ['ros']
[0.312s] Level 1:colcon.colcon_core.package_identification:_identify(src/robotic_arm) by extension 'ros'
[0.318s] DEBUG:colcon.colcon_core.package_identification:Package 'src/robotic_arm' with type 'ros.ament_cmake' and name 'robotic_arm'
[0.318s] Level 1:colcon.colcon_core.package_identification:_identify(src/your_moveit_config) by extensions ['ignore', 'ignore_ament_install']
[0.318s] Level 1:colcon.colcon_core.package_identification:_identify(src/your_moveit_config) by extension 'ignore'
[0.318s] Level 1:colcon.colcon_core.package_identification:_identify(src/your_moveit_config) by extension 'ignore_ament_install'
[0.318s] Level 1:colcon.colcon_core.package_identification:_identify(src/your_moveit_config) by extensions ['colcon_pkg']
[0.318s] Level 1:colcon.colcon_core.package_identification:_identify(src/your_moveit_config) by extension 'colcon_pkg'
[0.318s] Level 1:colcon.colcon_core.package_identification:_identify(src/your_moveit_config) by extensions ['colcon_meta']
[0.318s] Level 1:colcon.colcon_core.package_identification:_identify(src/your_moveit_config) by extension 'colcon_meta'
[0.318s] Level 1:colcon.colcon_core.package_identification:_identify(src/your_moveit_config) by extensions ['ros']
[0.318s] Level 1:colcon.colcon_core.package_identification:_identify(src/your_moveit_config) by extension 'ros'
[0.320s] DEBUG:colcon.colcon_core.package_identification:Package 'src/your_moveit_config' with type 'ros.ament_cmake' and name 'your_moveit_config'
[0.320s] Level 1:colcon.colcon_core.package_discovery:discover_packages(recursive) using defaults
[0.320s] Level 1:colcon.colcon_core.package_discovery:discover_packages(ignore) discover
[0.320s] Level 1:colcon.colcon_core.package_discovery:discover_packages(ignore) using defaults
[0.320s] Level 1:colcon.colcon_core.package_discovery:discover_packages(path) discover
[0.320s] Level 1:colcon.colcon_core.package_discovery:discover_packages(path) using defaults
[0.361s] Level 1:colcon.colcon_core.package_discovery:discover_packages(prefix_path) check parameters
[0.362s] Level 1:colcon.colcon_core.package_discovery:discover_packages(prefix_path) discover
[0.371s] DEBUG:colcon.colcon_installed_package_information.package_discovery:Found 2 installed packages in /home/sage/arm/install
[0.373s] DEBUG:colcon.colcon_installed_package_information.package_discovery:Found 39 installed packages in /home/sage/microros_ws/install
[0.374s] DEBUG:colcon.colcon_installed_package_information.package_discovery:Found 4 installed packages in /home/sage/ros/install
[0.376s] DEBUG:colcon.colcon_installed_package_information.package_discovery:Found 485 installed packages in /opt/ros/humble
[0.381s] Level 1:colcon.colcon_core.package_discovery:discover_packages(prefix_path) using defaults
[0.491s] Level 5:colcon.colcon_core.verb:set package 'robotic_arm' build argument 'cmake_args' from command line to 'None'
[0.491s] Level 5:colcon.colcon_core.verb:set package 'robotic_arm' build argument 'cmake_target' from command line to 'None'
[0.491s] Level 5:colcon.colcon_core.verb:set package 'robotic_arm' build argument 'cmake_target_skip_unavailable' from command line to 'False'
[0.491s] Level 5:colcon.colcon_core.verb:set package 'robotic_arm' build argument 'cmake_clean_cache' from command line to 'False'
[0.491s] Level 5:colcon.colcon_core.verb:set package 'robotic_arm' build argument 'cmake_clean_first' from command line to 'False'
[0.491s] Level 5:colcon.colcon_core.verb:set package 'robotic_arm' build argument 'cmake_force_configure' from command line to 'False'
[0.491s] Level 5:colcon.colcon_core.verb:set package 'robotic_arm' build argument 'ament_cmake_args' from command line to 'None'
[0.491s] Level 5:colcon.colcon_core.verb:set package 'robotic_arm' build argument 'catkin_cmake_args' from command line to 'None'
[0.491s] Level 5:colcon.colcon_core.verb:set package 'robotic_arm' build argument 'catkin_skip_building_tests' from command line to 'False'
[0.491s] DEBUG:colcon.colcon_core.verb:Building package 'robotic_arm' with the following arguments: {'ament_cmake_args': None, 'build_base': '/home/sage/arm/build/robotic_arm', 'catkin_cmake_args': None, 'catkin_skip_building_tests': False, 'cmake_args': None, 'cmake_clean_cache': False, 'cmake_clean_first': False, 'cmake_force_configure': False, 'cmake_target': None, 'cmake_target_skip_unavailable': False, 'install_base': '/home/sage/arm/install/robotic_arm', 'merge_install': False, 'path': '/home/sage/arm/src/robotic_arm', 'symlink_install': True, 'test_result_base': None}
[0.492s] Level 5:colcon.colcon_core.verb:set package 'your_moveit_config' build argument 'cmake_args' from command line to 'None'
[0.492s] Level 5:colcon.colcon_core.verb:set package 'your_moveit_config' build argument 'cmake_target' from command line to 'None'
[0.492s] Level 5:colcon.colcon_core.verb:set package 'your_moveit_config' build argument 'cmake_target_skip_unavailable' from command line to 'False'
[0.492s] Level 5:colcon.colcon_core.verb:set package 'your_moveit_config' build argument 'cmake_clean_cache' from command line to 'False'
[0.492s] Level 5:colcon.colcon_core.verb:set package 'your_moveit_config' build argument 'cmake_clean_first' from command line to 'False'
[0.492s] Level 5:colcon.colcon_core.verb:set package 'your_moveit_config' build argument 'cmake_force_configure' from command line to 'False'
[0.492s] Level 5:colcon.colcon_core.verb:set package 'your_moveit_config' build argument 'ament_cmake_args' from command line to 'None'
[0.492s] Level 5:colcon.colcon_core.verb:set package 'your_moveit_config' build argument 'catkin_cmake_args' from command line to 'None'
[0.492s] Level 5:colcon.colcon_core.verb:set package 'your_moveit_config' build argument 'catkin_skip_building_tests' from command line to 'False'
[0.492s] DEBUG:colcon.colcon_core.verb:Building package 'your_moveit_config' with the following arguments: {'ament_cmake_args': None, 'build_base': '/home/sage/arm/build/your_moveit_config', 'catkin_cmake_args': None, 'catkin_skip_building_tests': False, 'cmake_args': None, 'cmake_clean_cache': False, 'cmake_clean_first': False, 'cmake_force_configure': False, 'cmake_target': None, 'cmake_target_skip_unavailable': False, 'install_base': '/home/sage/arm/install/your_moveit_config', 'merge_install': False, 'path': '/home/sage/arm/src/your_moveit_config', 'symlink_install': True, 'test_result_base': None}
[0.492s] INFO:colcon.colcon_core.executor:Executing jobs using 'parallel' executor
[0.494s] DEBUG:colcon.colcon_parallel_executor.executor.parallel:run_until_complete
[0.494s] INFO:colcon.colcon_ros.task.ament_cmake.build:Building ROS package in '/home/sage/arm/src/robotic_arm' with build type 'ament_cmake'
[0.494s] INFO:colcon.colcon_cmake.task.cmake.build:Building CMake package in '/home/sage/arm/src/robotic_arm'
[0.500s] INFO:colcon.colcon_core.plugin_system:Skipping extension 'colcon_core.shell.bat': Not used on non-Windows systems
[0.500s] INFO:colcon.colcon_core.shell:Skip shell extension 'powershell' for command environment: Not usable outside of PowerShell
[0.500s] DEBUG:colcon.colcon_core.shell:Skip shell extension 'dsv' for command environment
[0.522s] DEBUG:colcon.colcon_core.event_handler.log_command:Invoking command in '/home/sage/arm/build/robotic_arm': CMAKE_PREFIX_PATH=${CMAKE_PREFIX_PATH}:/home/sage/microros_ws/install/sensor_msgs_py:/home/sage/ros/install/my_robo:/home/sage/ros/install/cartographer_launch:/home/sage/ros/install/assign:/opt/ros/humble /usr/bin/cmake /home/sage/arm/src/robotic_arm -DAMENT_CMAKE_SYMLINK_INSTALL=1 -DCMAKE_INSTALL_PREFIX=/home/sage/arm/install/robotic_arm
[0.957s] DEBUG:colcon.colcon_core.event_handler.log_command:Invoked command in '/home/sage/arm/build/robotic_arm' returned '0': CMAKE_PREFIX_PATH=${CMAKE_PREFIX_PATH}:/home/sage/microros_ws/install/sensor_msgs_py:/home/sage/ros/install/my_robo:/home/sage/ros/install/cartographer_launch:/home/sage/ros/install/assign:/opt/ros/humble /usr/bin/cmake /home/sage/arm/src/robotic_arm -DAMENT_CMAKE_SYMLINK_INSTALL=1 -DCMAKE_INSTALL_PREFIX=/home/sage/arm/install/robotic_arm
[0.957s] DEBUG:colcon.colcon_core.event_handler.log_command:Invoking command in '/home/sage/arm/build/robotic_arm': CMAKE_PREFIX_PATH=${CMAKE_PREFIX_PATH}:/home/sage/microros_ws/install/sensor_msgs_py:/home/sage/ros/install/my_robo:/home/sage/ros/install/cartographer_launch:/home/sage/ros/install/assign:/opt/ros/humble /usr/bin/cmake --build /home/sage/arm/build/robotic_arm -- -j16 -l16
[1.025s] DEBUG:colcon.colcon_core.event_handler.log_command:Invoked command in '/home/sage/arm/build/robotic_arm' returned '0': CMAKE_PREFIX_PATH=${CMAKE_PREFIX_PATH}:/home/sage/microros_ws/install/sensor_msgs_py:/home/sage/ros/install/my_robo:/home/sage/ros/install/cartographer_launch:/home/sage/ros/install/assign:/opt/ros/humble /usr/bin/cmake --build /home/sage/arm/build/robotic_arm -- -j16 -l16
[1.094s] DEBUG:colcon.colcon_core.event_handler.log_command:Invoking command in '/home/sage/arm/build/robotic_arm': CMAKE_PREFIX_PATH=${CMAKE_PREFIX_PATH}:/home/sage/microros_ws/install/sensor_msgs_py:/home/sage/ros/install/my_robo:/home/sage/ros/install/cartographer_launch:/home/sage/ros/install/assign:/opt/ros/humble /usr/bin/cmake --install /home/sage/arm/build/robotic_arm
[1.440s] Level 1:colcon.colcon_core.environment:create_environment_scripts_only(robotic_arm)
[1.441s] DEBUG:colcon.colcon_core.event_handler.log_command:Invoked command in '/home/sage/arm/build/robotic_arm' returned '0': CMAKE_PREFIX_PATH=${CMAKE_PREFIX_PATH}:/home/sage/microros_ws/install/sensor_msgs_py:/home/sage/ros/install/my_robo:/home/sage/ros/install/cartographer_launch:/home/sage/ros/install/assign:/opt/ros/humble /usr/bin/cmake --install /home/sage/arm/build/robotic_arm
[1.452s] Level 1:colcon.colcon_core.environment:checking '/home/sage/arm/install/robotic_arm' for CMake module files
[1.453s] Level 1:colcon.colcon_core.environment:checking '/home/sage/arm/install/robotic_arm' for CMake config files
[1.454s] Level 1:colcon.colcon_core.shell:create_environment_hook('robotic_arm', 'cmake_prefix_path')
[1.455s] INFO:colcon.colcon_core.shell:Creating environment hook '/home/sage/arm/install/robotic_arm/share/robotic_arm/hook/cmake_prefix_path.ps1'
[1.457s] INFO:colcon.colcon_core.shell:Creating environment descriptor '/home/sage/arm/install/robotic_arm/share/robotic_arm/hook/cmake_prefix_path.dsv'
[1.458s] INFO:colcon.colcon_core.shell:Creating environment hook '/home/sage/arm/install/robotic_arm/share/robotic_arm/hook/cmake_prefix_path.sh'
[1.460s] Level 1:colcon.colcon_core.environment:checking '/home/sage/arm/install/robotic_arm/bin'
[1.460s] Level 1:colcon.colcon_core.environment:checking '/home/sage/arm/install/robotic_arm/lib/pkgconfig/robotic_arm.pc'
[1.460s] Level 1:colcon.colcon_core.environment:checking '/home/sage/arm/install/robotic_arm/lib/python3.10/site-packages'
[1.461s] Level 1:colcon.colcon_core.environment:checking '/home/sage/arm/install/robotic_arm/bin'
[1.461s] INFO:colcon.colcon_core.shell:Creating package script '/home/sage/arm/install/robotic_arm/share/robotic_arm/package.ps1'
[1.463s] INFO:colcon.colcon_core.shell:Creating package descriptor '/home/sage/arm/install/robotic_arm/share/robotic_arm/package.dsv'
[1.464s] INFO:colcon.colcon_core.shell:Creating package script '/home/sage/arm/install/robotic_arm/share/robotic_arm/package.sh'
[1.465s] INFO:colcon.colcon_core.shell:Creating package script '/home/sage/arm/install/robotic_arm/share/robotic_arm/package.bash'
[1.467s] INFO:colcon.colcon_core.shell:Creating package script '/home/sage/arm/install/robotic_arm/share/robotic_arm/package.zsh'
[1.469s] Level 1:colcon.colcon_core.environment:create_file_with_runtime_dependencies(/home/sage/arm/install/robotic_arm/share/colcon-core/packages/robotic_arm)
[1.523s] Level 1:colcon.colcon_core.environment:create_environment_scripts_only(robotic_arm)
[1.523s] Level 1:colcon.colcon_core.environment:checking '/home/sage/arm/install/robotic_arm' for CMake module files
[1.524s] Level 1:colcon.colcon_core.environment:checking '/home/sage/arm/install/robotic_arm' for CMake config files
[1.524s] Level 1:colcon.colcon_core.shell:create_environment_hook('robotic_arm', 'cmake_prefix_path')
[1.524s] INFO:colcon.colcon_core.shell:Creating environment hook '/home/sage/arm/install/robotic_arm/share/robotic_arm/hook/cmake_prefix_path.ps1'
[1.525s] INFO:colcon.colcon_core.shell:Creating environment descriptor '/home/sage/arm/install/robotic_arm/share/robotic_arm/hook/cmake_prefix_path.dsv'
[1.525s] INFO:colcon.colcon_core.shell:Creating environment hook '/home/sage/arm/install/robotic_arm/share/robotic_arm/hook/cmake_prefix_path.sh'
[1.526s] Level 1:colcon.colcon_core.environment:checking '/home/sage/arm/install/robotic_arm/bin'
[1.526s] Level 1:colcon.colcon_core.environment:checking '/home/sage/arm/install/robotic_arm/lib/pkgconfig/robotic_arm.pc'
[1.526s] Level 1:colcon.colcon_core.environment:checking '/home/sage/arm/install/robotic_arm/lib/python3.10/site-packages'
[1.526s] Level 1:colcon.colcon_core.environment:checking '/home/sage/arm/install/robotic_arm/bin'
[1.527s] INFO:colcon.colcon_core.shell:Creating package script '/home/sage/arm/install/robotic_arm/share/robotic_arm/package.ps1'
[1.527s] INFO:colcon.colcon_core.shell:Creating package descriptor '/home/sage/arm/install/robotic_arm/share/robotic_arm/package.dsv'
[1.528s] INFO:colcon.colcon_core.shell:Creating package script '/home/sage/arm/install/robotic_arm/share/robotic_arm/package.sh'
[1.528s] INFO:colcon.colcon_core.shell:Creating package script '/home/sage/arm/install/robotic_arm/share/robotic_arm/package.bash'
[1.529s] INFO:colcon.colcon_core.shell:Creating package script '/home/sage/arm/install/robotic_arm/share/robotic_arm/package.zsh'
[1.529s] Level 1:colcon.colcon_core.environment:create_file_with_runtime_dependencies(/home/sage/arm/install/robotic_arm/share/colcon-core/packages/robotic_arm)
[1.529s] INFO:colcon.colcon_ros.task.ament_cmake.build:Building ROS package in '/home/sage/arm/src/your_moveit_config' with build type 'ament_cmake'
[1.529s] INFO:colcon.colcon_cmake.task.cmake.build:Building CMake package in '/home/sage/arm/src/your_moveit_config'
[1.530s] INFO:colcon.colcon_core.shell:Skip shell extension 'powershell' for command environment: Not usable outside of PowerShell
[1.530s] DEBUG:colcon.colcon_core.shell:Skip shell extension 'dsv' for command environment
[1.550s] DEBUG:colcon.colcon_core.event_handler.log_command:Invoking command in '/home/sage/arm/build/your_moveit_config': CMAKE_PREFIX_PATH=/home/sage/arm/install/robotic_arm:/home/sage/arm/install/your_moveit_config:/home/sage/microros_ws/install/micro_ros_demos_rclc:/home/sage/microros_ws/install/common_interfaces:/home/sage/microros_ws/install/visualization_msgs:/home/sage/microros_ws/install/test_msgs:/home/sage/microros_ws/install/example_interfaces:/home/sage/microros_ws/install/action_msgs:/home/sage/microros_ws/install/unique_identifier_msgs:/home/sage/microros_ws/install/trajectory_msgs:/home/sage/microros_ws/install/stereo_msgs:/home/sage/microros_ws/install/std_srvs:/home/sage/microros_ws/install/shape_msgs:/home/sage/microros_ws/install/sensor_msgs:/home/sage/microros_ws/install/nav_msgs:/home/sage/microros_ws/install/diagnostic_msgs:/home/sage/microros_ws/install/geometry_msgs:/home/sage/microros_ws/install/actionlib_msgs:/home/sage/microros_ws/install/std_msgs:/home/sage/microros_ws/install/statistics_msgs:/home/sage/microros_ws/install/rosidl_typesupport_microxrcedds_test_msg:/home/sage/microros_ws/install/rosidl_typesupport_microxrcedds_cpp_tests:/home/sage/microros_ws/install/rmw_microxrcedds:/home/sage/microros_ws/install/rosidl_typesupport_microxrcedds_cpp:/home/sage/microros_ws/install/rosidl_typesupport_microxrcedds_c_tests:/home/sage/microros_ws/install/rosidl_typesupport_microxrcedds_c:/home/sage/microros_ws/install/rosgraph_msgs:/home/sage/microros_ws/install/rclc_parameter:/home/sage/microros_ws/install/rclc:/home/sage/microros_ws/install/composition_interfaces:/home/sage/microros_ws/install/rcl_interfaces:/home/sage/microros_ws/install/microxrcedds_client:/home/sage/microros_ws/install/microcdr:/home/sage/microros_ws/install/micro_ros_utilities:/home/sage/microros_ws/install/micro_ros_setup:/home/sage/microros_ws/install/micro_ros_agent:/home/sage/microros_ws/install/micro_ros_msgs:/home/sage/microros_ws/install/lifecycle_msgs:/home/sage/microros_ws/install/complex_msgs:/home/sage/microros_ws/install/builtin_interfaces:/home/sage/ros/install/launcher_bringup:/home/sage/microros_ws/install/sensor_msgs_py:/home/sage/ros/install/my_robo:/home/sage/ros/install/cartographer_launch:/home/sage/ros/install/assign:/opt/ros/humble /usr/bin/cmake /home/sage/arm/src/your_moveit_config -DAMENT_CMAKE_SYMLINK_INSTALL=1 -DCMAKE_INSTALL_PREFIX=/home/sage/arm/install/your_moveit_config
[1.907s] DEBUG:colcon.colcon_core.event_handler.log_command:Invoked command in '/home/sage/arm/build/your_moveit_config' returned '0': CMAKE_PREFIX_PATH=/home/sage/arm/install/robotic_arm:/home/sage/arm/install/your_moveit_config:/home/sage/microros_ws/install/micro_ros_demos_rclc:/home/sage/microros_ws/install/common_interfaces:/home/sage/microros_ws/install/visualization_msgs:/home/sage/microros_ws/install/test_msgs:/home/sage/microros_ws/install/example_interfaces:/home/sage/microros_ws/install/action_msgs:/home/sage/microros_ws/install/unique_identifier_msgs:/home/sage/microros_ws/install/trajectory_msgs:/home/sage/microros_ws/install/stereo_msgs:/home/sage/microros_ws/install/std_srvs:/home/sage/microros_ws/install/shape_msgs:/home/sage/microros_ws/install/sensor_msgs:/home/sage/microros_ws/install/nav_msgs:/home/sage/microros_ws/install/diagnostic_msgs:/home/sage/microros_ws/install/geometry_msgs:/home/sage/microros_ws/install/actionlib_msgs:/home/sage/microros_ws/install/std_msgs:/home/sage/microros_ws/install/statistics_msgs:/home/sage/microros_ws/install/rosidl_typesupport_microxrcedds_test_msg:/home/sage/microros_ws/install/rosidl_typesupport_microxrcedds_cpp_tests:/home/sage/microros_ws/install/rmw_microxrcedds:/home/sage/microros_ws/install/rosidl_typesupport_microxrcedds_cpp:/home/sage/microros_ws/install/rosidl_typesupport_microxrcedds_c_tests:/home/sage/microros_ws/install/rosidl_typesupport_microxrcedds_c:/home/sage/microros_ws/install/rosgraph_msgs:/home/sage/microros_ws/install/rclc_parameter:/home/sage/microros_ws/install/rclc:/home/sage/microros_ws/install/composition_interfaces:/home/sage/microros_ws/install/rcl_interfaces:/home/sage/microros_ws/install/microxrcedds_client:/home/sage/microros_ws/install/microcdr:/home/sage/microros_ws/install/micro_ros_utilities:/home/sage/microros_ws/install/micro_ros_setup:/home/sage/microros_ws/install/micro_ros_agent:/home/sage/microros_ws/install/micro_ros_msgs:/home/sage/microros_ws/install/lifecycle_msgs:/home/sage/microros_ws/install/complex_msgs:/home/sage/microros_ws/install/builtin_interfaces:/home/sage/ros/install/launcher_bringup:/home/sage/microros_ws/install/sensor_msgs_py:/home/sage/ros/install/my_robo:/home/sage/ros/install/cartographer_launch:/home/sage/ros/install/assign:/opt/ros/humble /usr/bin/cmake /home/sage/arm/src/your_moveit_config -DAMENT_CMAKE_SYMLINK_INSTALL=1 -DCMAKE_INSTALL_PREFIX=/home/sage/arm/install/your_moveit_config
[1.909s] DEBUG:colcon.colcon_core.event_handler.log_command:Invoking command in '/home/sage/arm/build/your_moveit_config': CMAKE_PREFIX_PATH=/home/sage/arm/install/robotic_arm:/home/sage/arm/install/your_moveit_config:/home/sage/microros_ws/install/micro_ros_demos_rclc:/home/sage/microros_ws/install/common_interfaces:/home/sage/microros_ws/install/visualization_msgs:/home/sage/microros_ws/install/test_msgs:/home/sage/microros_ws/install/example_interfaces:/home/sage/microros_ws/install/action_msgs:/home/sage/microros_ws/install/unique_identifier_msgs:/home/sage/microros_ws/install/trajectory_msgs:/home/sage/microros_ws/install/stereo_msgs:/home/sage/microros_ws/install/std_srvs:/home/sage/microros_ws/install/shape_msgs:/home/sage/microros_ws/install/sensor_msgs:/home/sage/microros_ws/install/nav_msgs:/home/sage/microros_ws/install/diagnostic_msgs:/home/sage/microros_ws/install/geometry_msgs:/home/sage/microros_ws/install/actionlib_msgs:/home/sage/microros_ws/install/std_msgs:/home/sage/microros_ws/install/statistics_msgs:/home/sage/microros_ws/install/rosidl_typesupport_microxrcedds_test_msg:/home/sage/microros_ws/install/rosidl_typesupport_microxrcedds_cpp_tests:/home/sage/microros_ws/install/rmw_microxrcedds:/home/sage/microros_ws/install/rosidl_typesupport_microxrcedds_cpp:/home/sage/microros_ws/install/rosidl_typesupport_microxrcedds_c_tests:/home/sage/microros_ws/install/rosidl_typesupport_microxrcedds_c:/home/sage/microros_ws/install/rosgraph_msgs:/home/sage/microros_ws/install/rclc_parameter:/home/sage/microros_ws/install/rclc:/home/sage/microros_ws/install/composition_interfaces:/home/sage/microros_ws/install/rcl_interfaces:/home/sage/microros_ws/install/microxrcedds_client:/home/sage/microros_ws/install/microcdr:/home/sage/microros_ws/install/micro_ros_utilities:/home/sage/microros_ws/install/micro_ros_setup:/home/sage/microros_ws/install/micro_ros_agent:/home/sage/microros_ws/install/micro_ros_msgs:/home/sage/microros_ws/install/lifecycle_msgs:/home/sage/microros_ws/install/complex_msgs:/home/sage/microros_ws/install/builtin_interfaces:/home/sage/ros/install/launcher_bringup:/home/sage/microros_ws/install/sensor_msgs_py:/home/sage/ros/install/my_robo:/home/sage/ros/install/cartographer_launch:/home/sage/ros/install/assign:/opt/ros/humble /usr/bin/cmake --build /home/sage/arm/build/your_moveit_config -- -j16 -l16
[1.977s] DEBUG:colcon.colcon_core.event_handler.log_command:Invoked command in '/home/sage/arm/build/your_moveit_config' returned '0': CMAKE_PREFIX_PATH=/home/sage/arm/install/robotic_arm:/home/sage/arm/install/your_moveit_config:/home/sage/microros_ws/install/micro_ros_demos_rclc:/home/sage/microros_ws/install/common_interfaces:/home/sage/microros_ws/install/visualization_msgs:/home/sage/microros_ws/install/test_msgs:/home/sage/microros_ws/install/example_interfaces:/home/sage/microros_ws/install/action_msgs:/home/sage/microros_ws/install/unique_identifier_msgs:/home/sage/microros_ws/install/trajectory_msgs:/home/sage/microros_ws/install/stereo_msgs:/home/sage/microros_ws/install/std_srvs:/home/sage/microros_ws/install/shape_msgs:/home/sage/microros_ws/install/sensor_msgs:/home/sage/microros_ws/install/nav_msgs:/home/sage/microros_ws/install/diagnostic_msgs:/home/sage/microros_ws/install/geometry_msgs:/home/sage/microros_ws/install/actionlib_msgs:/home/sage/microros_ws/install/std_msgs:/home/sage/microros_ws/install/statistics_msgs:/home/sage/microros_ws/install/rosidl_typesupport_microxrcedds_test_msg:/home/sage/microros_ws/install/rosidl_typesupport_microxrcedds_cpp_tests:/home/sage/microros_ws/install/rmw_microxrcedds:/home/sage/microros_ws/install/rosidl_typesupport_microxrcedds_cpp:/home/sage/microros_ws/install/rosidl_typesupport_microxrcedds_c_tests:/home/sage/microros_ws/install/rosidl_typesupport_microxrcedds_c:/home/sage/microros_ws/install/rosgraph_msgs:/home/sage/microros_ws/install/rclc_parameter:/home/sage/microros_ws/install/rclc:/home/sage/microros_ws/install/composition_interfaces:/home/sage/microros_ws/install/rcl_interfaces:/home/sage/microros_ws/install/microxrcedds_client:/home/sage/microros_ws/install/microcdr:/home/sage/microros_ws/install/micro_ros_utilities:/home/sage/microros_ws/install/micro_ros_setup:/home/sage/microros_ws/install/micro_ros_agent:/home/sage/microros_ws/install/micro_ros_msgs:/home/sage/microros_ws/install/lifecycle_msgs:/home/sage/microros_ws/install/complex_msgs:/home/sage/microros_ws/install/builtin_interfaces:/home/sage/ros/install/launcher_bringup:/home/sage/microros_ws/install/sensor_msgs_py:/home/sage/ros/install/my_robo:/home/sage/ros/install/cartographer_launch:/home/sage/ros/install/assign:/opt/ros/humble /usr/bin/cmake --build /home/sage/arm/build/your_moveit_config -- -j16 -l16
[2.023s] DEBUG:colcon.colcon_core.event_handler.log_command:Invoking command in '/home/sage/arm/build/your_moveit_config': CMAKE_PREFIX_PATH=/home/sage/arm/install/robotic_arm:/home/sage/arm/install/your_moveit_config:/home/sage/microros_ws/install/micro_ros_demos_rclc:/home/sage/microros_ws/install/common_interfaces:/home/sage/microros_ws/install/visualization_msgs:/home/sage/microros_ws/install/test_msgs:/home/sage/microros_ws/install/example_interfaces:/home/sage/microros_ws/install/action_msgs:/home/sage/microros_ws/install/unique_identifier_msgs:/home/sage/microros_ws/install/trajectory_msgs:/home/sage/microros_ws/install/stereo_msgs:/home/sage/microros_ws/install/std_srvs:/home/sage/microros_ws/install/shape_msgs:/home/sage/microros_ws/install/sensor_msgs:/home/sage/microros_ws/install/nav_msgs:/home/sage/microros_ws/install/diagnostic_msgs:/home/sage/microros_ws/install/geometry_msgs:/home/sage/microros_ws/install/actionlib_msgs:/home/sage/microros_ws/install/std_msgs:/home/sage/microros_ws/install/statistics_msgs:/home/sage/microros_ws/install/rosidl_typesupport_microxrcedds_test_msg:/home/sage/microros_ws/install/rosidl_typesupport_microxrcedds_cpp_tests:/home/sage/microros_ws/install/rmw_microxrcedds:/home/sage/microros_ws/install/rosidl_typesupport_microxrcedds_cpp:/home/sage/microros_ws/install/rosidl_typesupport_microxrcedds_c_tests:/home/sage/microros_ws/install/rosidl_typesupport_microxrcedds_c:/home/sage/microros_ws/install/rosgraph_msgs:/home/sage/microros_ws/install/rclc_parameter:/home/sage/microros_ws/install/rclc:/home/sage/microros_ws/install/composition_interfaces:/home/sage/microros_ws/install/rcl_interfaces:/home/sage/microros_ws/install/microxrcedds_client:/home/sage/microros_ws/install/microcdr:/home/sage/microros_ws/install/micro_ros_utilities:/home/sage/microros_ws/install/micro_ros_setup:/home/sage/microros_ws/install/micro_ros_agent:/home/sage/microros_ws/install/micro_ros_msgs:/home/sage/microros_ws/install/lifecycle_msgs:/home/sage/microros_ws/install/complex_msgs:/home/sage/microros_ws/install/builtin_interfaces:/home/sage/ros/install/launcher_bringup:/home/sage/microros_ws/install/sensor_msgs_py:/home/sage/ros/install/my_robo:/home/sage/ros/install/cartographer_launch:/home/sage/ros/install/assign:/opt/ros/humble /usr/bin/cmake --install /home/sage/arm/build/your_moveit_config
[2.539s] Level 1:colcon.colcon_core.environment:create_environment_scripts_only(your_moveit_config)
[2.540s] Level 1:colcon.colcon_core.environment:checking '/home/sage/arm/install/your_moveit_config' for CMake module files
[2.541s] DEBUG:colcon.colcon_core.event_handler.log_command:Invoked command in '/home/sage/arm/build/your_moveit_config' returned '0': CMAKE_PREFIX_PATH=/home/sage/arm/install/robotic_arm:/home/sage/arm/install/your_moveit_config:/home/sage/microros_ws/install/micro_ros_demos_rclc:/home/sage/microros_ws/install/common_interfaces:/home/sage/microros_ws/install/visualization_msgs:/home/sage/microros_ws/install/test_msgs:/home/sage/microros_ws/install/example_interfaces:/home/sage/microros_ws/install/action_msgs:/home/sage/microros_ws/install/unique_identifier_msgs:/home/sage/microros_ws/install/trajectory_msgs:/home/sage/microros_ws/install/stereo_msgs:/home/sage/microros_ws/install/std_srvs:/home/sage/microros_ws/install/shape_msgs:/home/sage/microros_ws/install/sensor_msgs:/home/sage/microros_ws/install/nav_msgs:/home/sage/microros_ws/install/diagnostic_msgs:/home/sage/microros_ws/install/geometry_msgs:/home/sage/microros_ws/install/actionlib_msgs:/home/sage/microros_ws/install/std_msgs:/home/sage/microros_ws/install/statistics_msgs:/home/sage/microros_ws/install/rosidl_typesupport_microxrcedds_test_msg:/home/sage/microros_ws/install/rosidl_typesupport_microxrcedds_cpp_tests:/home/sage/microros_ws/install/rmw_microxrcedds:/home/sage/microros_ws/install/rosidl_typesupport_microxrcedds_cpp:/home/sage/microros_ws/install/rosidl_typesupport_microxrcedds_c_tests:/home/sage/microros_ws/install/rosidl_typesupport_microxrcedds_c:/home/sage/microros_ws/install/rosgraph_msgs:/home/sage/microros_ws/install/rclc_parameter:/home/sage/microros_ws/install/rclc:/home/sage/microros_ws/install/composition_interfaces:/home/sage/microros_ws/install/rcl_interfaces:/home/sage/microros_ws/install/microxrcedds_client:/home/sage/microros_ws/install/microcdr:/home/sage/microros_ws/install/micro_ros_utilities:/home/sage/microros_ws/install/micro_ros_setup:/home/sage/microros_ws/install/micro_ros_agent:/home/sage/microros_ws/install/micro_ros_msgs:/home/sage/microros_ws/install/lifecycle_msgs:/home/sage/microros_ws/install/complex_msgs:/home/sage/microros_ws/install/builtin_interfaces:/home/sage/ros/install/launcher_bringup:/home/sage/microros_ws/install/sensor_msgs_py:/home/sage/ros/install/my_robo:/home/sage/ros/install/cartographer_launch:/home/sage/ros/install/assign:/opt/ros/humble /usr/bin/cmake --install /home/sage/arm/build/your_moveit_config
[2.541s] Level 1:colcon.colcon_core.environment:checking '/home/sage/arm/install/your_moveit_config' for CMake config files
[2.542s] Level 1:colcon.colcon_core.shell:create_environment_hook('your_moveit_config', 'cmake_prefix_path')
[2.542s] INFO:colcon.colcon_core.shell:Creating environment hook '/home/sage/arm/install/your_moveit_config/share/your_moveit_config/hook/cmake_prefix_path.ps1'
[2.543s] INFO:colcon.colcon_core.shell:Creating environment descriptor '/home/sage/arm/install/your_moveit_config/share/your_moveit_config/hook/cmake_prefix_path.dsv'
[2.543s] INFO:colcon.colcon_core.shell:Creating environment hook '/home/sage/arm/install/your_moveit_config/share/your_moveit_config/hook/cmake_prefix_path.sh'
[2.544s] Level 1:colcon.colcon_core.environment:checking '/home/sage/arm/install/your_moveit_config/bin'
[2.544s] Level 1:colcon.colcon_core.environment:checking '/home/sage/arm/install/your_moveit_config/lib/pkgconfig/your_moveit_config.pc'
[2.545s] Level 1:colcon.colcon_core.environment:checking '/home/sage/arm/install/your_moveit_config/lib/python3.10/site-packages'
[2.545s] Level 1:colcon.colcon_core.environment:checking '/home/sage/arm/install/your_moveit_config/bin'
[2.545s] INFO:colcon.colcon_core.shell:Creating package script '/home/sage/arm/install/your_moveit_config/share/your_moveit_config/package.ps1'
[2.546s] INFO:colcon.colcon_core.shell:Creating package descriptor '/home/sage/arm/install/your_moveit_config/share/your_moveit_config/package.dsv'
[2.546s] INFO:colcon.colcon_core.shell:Creating package script '/home/sage/arm/install/your_moveit_config/share/your_moveit_config/package.sh'
[2.547s] INFO:colcon.colcon_core.shell:Creating package script '/home/sage/arm/install/your_moveit_config/share/your_moveit_config/package.bash'
[2.547s] INFO:colcon.colcon_core.shell:Creating package script '/home/sage/arm/install/your_moveit_config/share/your_moveit_config/package.zsh'
[2.547s] Level 1:colcon.colcon_core.environment:create_file_with_runtime_dependencies(/home/sage/arm/install/your_moveit_config/share/colcon-core/packages/your_moveit_config)
[2.594s] Level 1:colcon.colcon_core.environment:create_environment_scripts_only(your_moveit_config)
[2.595s] Level 1:colcon.colcon_core.environment:checking '/home/sage/arm/install/your_moveit_config' for CMake module files
[2.595s] Level 1:colcon.colcon_core.environment:checking '/home/sage/arm/install/your_moveit_config' for CMake config files
[2.596s] Level 1:colcon.colcon_core.shell:create_environment_hook('your_moveit_config', 'cmake_prefix_path')
[2.596s] INFO:colcon.colcon_core.shell:Creating environment hook '/home/sage/arm/install/your_moveit_config/share/your_moveit_config/hook/cmake_prefix_path.ps1'
[2.596s] INFO:colcon.colcon_core.shell:Creating environment descriptor '/home/sage/arm/install/your_moveit_config/share/your_moveit_config/hook/cmake_prefix_path.dsv'
[2.597s] INFO:colcon.colcon_core.shell:Creating environment hook '/home/sage/arm/install/your_moveit_config/share/your_moveit_config/hook/cmake_prefix_path.sh'
[2.597s] Level 1:colcon.colcon_core.environment:checking '/home/sage/arm/install/your_moveit_config/bin'
[2.597s] Level 1:colcon.colcon_core.environment:checking '/home/sage/arm/install/your_moveit_config/lib/pkgconfig/your_moveit_config.pc'
[2.597s] Level 1:colcon.colcon_core.environment:checking '/home/sage/arm/install/your_moveit_config/lib/python3.10/site-packages'
[2.598s] Level 1:colcon.colcon_core.environment:checking '/home/sage/arm/install/your_moveit_config/bin'
[2.598s] INFO:colcon.colcon_core.shell:Creating package script '/home/sage/arm/install/your_moveit_config/share/your_moveit_config/package.ps1'
[2.599s] INFO:colcon.colcon_core.shell:Creating package descriptor '/home/sage/arm/install/your_moveit_config/share/your_moveit_config/package.dsv'
[2.599s] INFO:colcon.colcon_core.shell:Creating package script '/home/sage/arm/install/your_moveit_config/share/your_moveit_config/package.sh'
[2.600s] INFO:colcon.colcon_core.shell:Creating package script '/home/sage/arm/install/your_moveit_config/share/your_moveit_config/package.bash'
[2.600s] INFO:colcon.colcon_core.shell:Creating package script '/home/sage/arm/install/your_moveit_config/share/your_moveit_config/package.zsh'
[2.600s] Level 1:colcon.colcon_core.environment:create_file_with_runtime_dependencies(/home/sage/arm/install/your_moveit_config/share/colcon-core/packages/your_moveit_config)
[2.601s] DEBUG:colcon.colcon_parallel_executor.executor.parallel:closing loop
[2.601s] DEBUG:colcon.colcon_parallel_executor.executor.parallel:loop closed
[2.601s] DEBUG:colcon.colcon_parallel_executor.executor.parallel:run_until_complete finished with '0'
[2.601s] DEBUG:colcon.colcon_core.event_reactor:joining thread
[2.611s] INFO:colcon.colcon_core.plugin_system:Skipping extension 'colcon_notification.desktop_notification.terminal_notifier': Not used on non-Darwin systems
[2.611s] INFO:colcon.colcon_core.plugin_system:Skipping extension 'colcon_notification.desktop_notification.win32': Not used on non-Windows systems
[2.611s] INFO:colcon.colcon_notification.desktop_notification:Sending desktop notification using 'notify2'
[2.634s] DEBUG:colcon.colcon_core.event_reactor:joined thread
[2.635s] INFO:colcon.colcon_core.shell:Creating prefix script '/home/sage/arm/install/local_setup.ps1'
[2.636s] INFO:colcon.colcon_core.shell:Creating prefix util module '/home/sage/arm/install/_local_setup_util_ps1.py'
[2.638s] INFO:colcon.colcon_core.shell:Creating prefix chain script '/home/sage/arm/install/setup.ps1'
[2.642s] INFO:colcon.colcon_core.shell:Creating prefix script '/home/sage/arm/install/local_setup.sh'
[2.643s] INFO:colcon.colcon_core.shell:Creating prefix util module '/home/sage/arm/install/_local_setup_util_sh.py'
[2.644s] INFO:colcon.colcon_core.shell:Creating prefix chain script '/home/sage/arm/install/setup.sh'
[2.647s] INFO:colcon.colcon_core.shell:Creating prefix script '/home/sage/arm/install/local_setup.bash'
[2.648s] INFO:colcon.colcon_core.shell:Creating prefix chain script '/home/sage/arm/install/setup.bash'
[2.652s] INFO:colcon.colcon_core.shell:Creating prefix script '/home/sage/arm/install/local_setup.zsh'
[2.653s] INFO:colcon.colcon_core.shell:Creating prefix chain script '/home/sage/arm/install/setup.zsh'
