[0.012s] Invoking command in '/home/sage/arm/build/robotic_arm': CMAKE_PREFIX_PATH=${CMAKE_PREFIX_PATH}:/home/sage/microros_ws/install/sensor_msgs_py:/home/sage/ros/install/my_robo:/home/sage/ros/install/cartographer_launch:/home/sage/ros/install/assign:/opt/ros/humble /usr/bin/cmake /home/sage/arm/src/robotic_arm -DCMAKE_INSTALL_PREFIX=/home/sage/arm/install/robotic_arm
[0.168s] -- The C compiler identification is GNU 11.4.0
[0.255s] -- The CXX compiler identification is GNU 11.4.0
[0.262s] -- Detecting C compiler ABI info
[0.331s] -- Detecting C compiler ABI info - done
[0.335s] -- Check for working C compiler: /usr/bin/cc - skipped
[0.335s] -- Detecting C compile features
[0.336s] -- Detecting C compile features - done
[0.338s] -- Detecting CXX compiler ABI info
[0.406s] -- Detecting CXX compiler ABI info - done
[0.412s] -- Check for working CXX compiler: /usr/bin/c++ - skipped
[0.413s] -- Detecting CXX compile features
[0.413s] -- Detecting CXX compile features - done
[0.418s] -- Found ament_cmake: 1.3.9 (/opt/ros/humble/share/ament_cmake/cmake)
[0.677s] -- Found Python3: /usr/bin/python3 (found version "3.10.12") found components: Interpreter 
[0.812s] -- Configuring done
[0.815s] -- Generating done
[0.816s] -- Build files have been written to: /home/sage/arm/build/robotic_arm
[0.820s] Invoked command in '/home/sage/arm/build/robotic_arm' returned '0': CMAKE_PREFIX_PATH=${CMAKE_PREFIX_PATH}:/home/sage/microros_ws/install/sensor_msgs_py:/home/sage/ros/install/my_robo:/home/sage/ros/install/cartographer_launch:/home/sage/ros/install/assign:/opt/ros/humble /usr/bin/cmake /home/sage/arm/src/robotic_arm -DCMAKE_INSTALL_PREFIX=/home/sage/arm/install/robotic_arm
[0.821s] Invoking command in '/home/sage/arm/build/robotic_arm': CMAKE_PREFIX_PATH=${CMAKE_PREFIX_PATH}:/home/sage/microros_ws/install/sensor_msgs_py:/home/sage/ros/install/my_robo:/home/sage/ros/install/cartographer_launch:/home/sage/ros/install/assign:/opt/ros/humble /usr/bin/cmake --build /home/sage/arm/build/robotic_arm -- -j16 -l16
[0.854s] Invoked command in '/home/sage/arm/build/robotic_arm' returned '0': CMAKE_PREFIX_PATH=${CMAKE_PREFIX_PATH}:/home/sage/microros_ws/install/sensor_msgs_py:/home/sage/ros/install/my_robo:/home/sage/ros/install/cartographer_launch:/home/sage/ros/install/assign:/opt/ros/humble /usr/bin/cmake --build /home/sage/arm/build/robotic_arm -- -j16 -l16
[0.889s] Invoking command in '/home/sage/arm/build/robotic_arm': CMAKE_PREFIX_PATH=${CMAKE_PREFIX_PATH}:/home/sage/microros_ws/install/sensor_msgs_py:/home/sage/ros/install/my_robo:/home/sage/ros/install/cartographer_launch:/home/sage/ros/install/assign:/opt/ros/humble /usr/bin/cmake --install /home/sage/arm/build/robotic_arm
[0.894s] -- Install configuration: ""
[0.894s] -- Installing: /home/sage/arm/install/robotic_arm/share/robotic_arm/urdf
[0.894s] -- Installing: /home/sage/arm/install/robotic_arm/share/robotic_arm/urdf/robotic_arm.urdf
[0.894s] -- Installing: /home/sage/arm/install/robotic_arm/share/robotic_arm/meshes
[0.894s] -- Installing: /home/sage/arm/install/robotic_arm/share/robotic_arm/meshes/wrist_link.STL
[0.895s] -- Installing: /home/sage/arm/install/robotic_arm/share/robotic_arm/meshes/upper_arm_link.STL
[0.895s] -- Installing: /home/sage/arm/install/robotic_arm/share/robotic_arm/meshes/base_link.STL
[0.895s] -- Installing: /home/sage/arm/install/robotic_arm/share/robotic_arm/meshes/elbow_link.STL
[0.895s] -- Installing: /home/sage/arm/install/robotic_arm/share/robotic_arm/meshes/ee_link.STL
[0.895s] -- Installing: /home/sage/arm/install/robotic_arm/share/robotic_arm/meshes/shoulder_link.STL
[0.896s] -- Installing: /home/sage/arm/install/robotic_arm/share/robotic_arm/launch
[0.896s] -- Installing: /home/sage/arm/install/robotic_arm/share/ament_index/resource_index/package_run_dependencies/robotic_arm
[0.896s] -- Installing: /home/sage/arm/install/robotic_arm/share/ament_index/resource_index/parent_prefix_path/robotic_arm
[0.896s] -- Installing: /home/sage/arm/install/robotic_arm/share/robotic_arm/environment/ament_prefix_path.sh
[0.896s] -- Installing: /home/sage/arm/install/robotic_arm/share/robotic_arm/environment/ament_prefix_path.dsv
[0.896s] -- Installing: /home/sage/arm/install/robotic_arm/share/robotic_arm/environment/path.sh
[0.896s] -- Installing: /home/sage/arm/install/robotic_arm/share/robotic_arm/environment/path.dsv
[0.896s] -- Installing: /home/sage/arm/install/robotic_arm/share/robotic_arm/local_setup.bash
[0.896s] -- Installing: /home/sage/arm/install/robotic_arm/share/robotic_arm/local_setup.sh
[0.896s] -- Installing: /home/sage/arm/install/robotic_arm/share/robotic_arm/local_setup.zsh
[0.896s] -- Installing: /home/sage/arm/install/robotic_arm/share/robotic_arm/local_setup.dsv
[0.897s] -- Installing: /home/sage/arm/install/robotic_arm/share/robotic_arm/package.dsv
[0.897s] -- Installing: /home/sage/arm/install/robotic_arm/share/ament_index/resource_index/packages/robotic_arm
[0.897s] -- Installing: /home/sage/arm/install/robotic_arm/share/robotic_arm/cmake/robotic_armConfig.cmake
[0.897s] -- Installing: /home/sage/arm/install/robotic_arm/share/robotic_arm/cmake/robotic_armConfig-version.cmake
[0.897s] -- Installing: /home/sage/arm/install/robotic_arm/share/robotic_arm/package.xml
[0.897s] Invoked command in '/home/sage/arm/build/robotic_arm' returned '0': CMAKE_PREFIX_PATH=${CMAKE_PREFIX_PATH}:/home/sage/microros_ws/install/sensor_msgs_py:/home/sage/ros/install/my_robo:/home/sage/ros/install/cartographer_launch:/home/sage/ros/install/assign:/opt/ros/humble /usr/bin/cmake --install /home/sage/arm/build/robotic_arm
