[0.011s] Invoking command in '/home/sage/arm/build/robotic_arm': CMAKE_PREFIX_PATH=${CMAKE_PREFIX_PATH}:/home/sage/colcon_ws/install/ur5_control:/home/sage/microros_ws/install/sensor_msgs_py:/home/sage/ros/install/my_robo:/home/sage/ros/install/cartographer_launch:/home/sage/ros/install/assign:/opt/ros/humble /usr/bin/cmake --build /home/sage/arm/build/robotic_arm -- -j16 -l16
[0.044s] Invoked command in '/home/sage/arm/build/robotic_arm' returned '0': CMAKE_PREFIX_PATH=${CMAKE_PREFIX_PATH}:/home/sage/colcon_ws/install/ur5_control:/home/sage/microros_ws/install/sensor_msgs_py:/home/sage/ros/install/my_robo:/home/sage/ros/install/cartographer_launch:/home/sage/ros/install/assign:/opt/ros/humble /usr/bin/cmake --build /home/sage/arm/build/robotic_arm -- -j16 -l16
[0.080s] Invoking command in '/home/sage/arm/build/robotic_arm': CMAKE_PREFIX_PATH=${CMAKE_PREFIX_PATH}:/home/sage/colcon_ws/install/ur5_control:/home/sage/microros_ws/install/sensor_msgs_py:/home/sage/ros/install/my_robo:/home/sage/ros/install/cartographer_launch:/home/sage/ros/install/assign:/opt/ros/humble /usr/bin/cmake --install /home/sage/arm/build/robotic_arm
[0.086s] -- Install configuration: ""
[0.086s] -- Execute custom install script
[0.086s] -- Up-to-date symlink: /home/sage/arm/install/robotic_arm/share/robotic_arm/urdf/robotic_arm.urdf
[0.086s] -- Up-to-date symlink: /home/sage/arm/install/robotic_arm/share/robotic_arm/meshes/base_link.STL
[0.087s] -- Up-to-date symlink: /home/sage/arm/install/robotic_arm/share/robotic_arm/meshes/ee_link.STL
[0.087s] -- Up-to-date symlink: /home/sage/arm/install/robotic_arm/share/robotic_arm/meshes/elbow_link.STL
[0.087s] -- Up-to-date symlink: /home/sage/arm/install/robotic_arm/share/robotic_arm/meshes/shoulder_link.STL
[0.087s] -- Up-to-date symlink: /home/sage/arm/install/robotic_arm/share/robotic_arm/meshes/upper_arm_link.STL
[0.087s] -- Up-to-date symlink: /home/sage/arm/install/robotic_arm/share/robotic_arm/meshes/wrist_link.STL
[0.087s] -- Up-to-date symlink: /home/sage/arm/install/robotic_arm/share/ament_index/resource_index/package_run_dependencies/robotic_arm
[0.087s] -- Up-to-date symlink: /home/sage/arm/install/robotic_arm/share/ament_index/resource_index/parent_prefix_path/robotic_arm
[0.087s] -- Up-to-date symlink: /home/sage/arm/install/robotic_arm/share/robotic_arm/environment/ament_prefix_path.sh
[0.087s] -- Up-to-date symlink: /home/sage/arm/install/robotic_arm/share/robotic_arm/environment/ament_prefix_path.dsv
[0.087s] -- Up-to-date symlink: /home/sage/arm/install/robotic_arm/share/robotic_arm/environment/path.sh
[0.087s] -- Up-to-date symlink: /home/sage/arm/install/robotic_arm/share/robotic_arm/environment/path.dsv
[0.087s] -- Up-to-date symlink: /home/sage/arm/install/robotic_arm/share/robotic_arm/local_setup.bash
[0.087s] -- Up-to-date symlink: /home/sage/arm/install/robotic_arm/share/robotic_arm/local_setup.sh
[0.087s] -- Up-to-date symlink: /home/sage/arm/install/robotic_arm/share/robotic_arm/local_setup.zsh
[0.088s] -- Up-to-date symlink: /home/sage/arm/install/robotic_arm/share/robotic_arm/local_setup.dsv
[0.088s] -- Symlinking: /home/sage/arm/install/robotic_arm/share/robotic_arm/package.dsv
[0.094s] -- Up-to-date symlink: /home/sage/arm/install/robotic_arm/share/ament_index/resource_index/packages/robotic_arm
[0.094s] -- Up-to-date symlink: /home/sage/arm/install/robotic_arm/share/robotic_arm/cmake/robotic_armConfig.cmake
[0.094s] -- Up-to-date symlink: /home/sage/arm/install/robotic_arm/share/robotic_arm/cmake/robotic_armConfig-version.cmake
[0.094s] -- Up-to-date symlink: /home/sage/arm/install/robotic_arm/share/robotic_arm/package.xml
[0.096s] Invoked command in '/home/sage/arm/build/robotic_arm' returned '0': CMAKE_PREFIX_PATH=${CMAKE_PREFIX_PATH}:/home/sage/colcon_ws/install/ur5_control:/home/sage/microros_ws/install/sensor_msgs_py:/home/sage/ros/install/my_robo:/home/sage/ros/install/cartographer_launch:/home/sage/ros/install/assign:/opt/ros/humble /usr/bin/cmake --install /home/sage/arm/build/robotic_arm
