[0.019s] Invoking command in '/home/sage/arm/build/robotic_arm': CMAKE_PREFIX_PATH=${CMAKE_PREFIX_PATH}:/home/sage/microros_ws/install/sensor_msgs_py:/home/sage/ros/install/my_robo:/home/sage/ros/install/cartographer_launch:/home/sage/ros/install/assign:/opt/ros/humble /usr/bin/cmake /home/sage/arm/src/robotic_arm -DCMAKE_INSTALL_PREFIX=/home/sage/arm/install/robotic_arm
[0.037s] -- Found ament_cmake: 1.3.9 (/opt/ros/humble/share/ament_cmake/cmake)
[0.219s] -- Override CMake install command with custom implementation using symlinks instead of copying resources
[0.322s] -- Configuring done
[0.324s] -- Generating done
[0.324s] -- Build files have been written to: /home/sage/arm/build/robotic_arm
[0.327s] Invoked command in '/home/sage/arm/build/robotic_arm' returned '0': CMAKE_PREFIX_PATH=${CMAKE_PREFIX_PATH}:/home/sage/microros_ws/install/sensor_msgs_py:/home/sage/ros/install/my_robo:/home/sage/ros/install/cartographer_launch:/home/sage/ros/install/assign:/opt/ros/humble /usr/bin/cmake /home/sage/arm/src/robotic_arm -DCMAKE_INSTALL_PREFIX=/home/sage/arm/install/robotic_arm
[0.330s] Invoking command in '/home/sage/arm/build/robotic_arm': CMAKE_PREFIX_PATH=${CMAKE_PREFIX_PATH}:/home/sage/microros_ws/install/sensor_msgs_py:/home/sage/ros/install/my_robo:/home/sage/ros/install/cartographer_launch:/home/sage/ros/install/assign:/opt/ros/humble /usr/bin/cmake --build /home/sage/arm/build/robotic_arm -- -j16 -l16
[0.395s] Invoked command in '/home/sage/arm/build/robotic_arm' returned '0': CMAKE_PREFIX_PATH=${CMAKE_PREFIX_PATH}:/home/sage/microros_ws/install/sensor_msgs_py:/home/sage/ros/install/my_robo:/home/sage/ros/install/cartographer_launch:/home/sage/ros/install/assign:/opt/ros/humble /usr/bin/cmake --build /home/sage/arm/build/robotic_arm -- -j16 -l16
[0.455s] Invoking command in '/home/sage/arm/build/robotic_arm': CMAKE_PREFIX_PATH=${CMAKE_PREFIX_PATH}:/home/sage/microros_ws/install/sensor_msgs_py:/home/sage/ros/install/my_robo:/home/sage/ros/install/cartographer_launch:/home/sage/ros/install/assign:/opt/ros/humble /usr/bin/cmake --install /home/sage/arm/build/robotic_arm
[0.467s] -- Install configuration: ""
[0.468s] -- Execute custom install script
[0.468s] -- Up-to-date symlink: /home/sage/arm/install/robotic_arm/share/robotic_arm/urdf/robotic_arm.urdf
[0.468s] -- Up-to-date symlink: /home/sage/arm/install/robotic_arm/share/robotic_arm/meshes/base_link.STL
[0.468s] -- Up-to-date symlink: /home/sage/arm/install/robotic_arm/share/robotic_arm/meshes/ee_link.STL
[0.468s] -- Up-to-date symlink: /home/sage/arm/install/robotic_arm/share/robotic_arm/meshes/elbow_link.STL
[0.469s] -- Up-to-date symlink: /home/sage/arm/install/robotic_arm/share/robotic_arm/meshes/shoulder_link.STL
[0.469s] -- Up-to-date symlink: /home/sage/arm/install/robotic_arm/share/robotic_arm/meshes/upper_arm_link.STL
[0.469s] -- Up-to-date symlink: /home/sage/arm/install/robotic_arm/share/robotic_arm/meshes/wrist_link.STL
[0.469s] -- Up-to-date symlink: /home/sage/arm/install/robotic_arm/share/ament_index/resource_index/package_run_dependencies/robotic_arm
[0.469s] -- Up-to-date symlink: /home/sage/arm/install/robotic_arm/share/ament_index/resource_index/parent_prefix_path/robotic_arm
[0.469s] -- Up-to-date symlink: /home/sage/arm/install/robotic_arm/share/robotic_arm/environment/ament_prefix_path.sh
[0.469s] -- Up-to-date symlink: /home/sage/arm/install/robotic_arm/share/robotic_arm/environment/ament_prefix_path.dsv
[0.469s] -- Up-to-date symlink: /home/sage/arm/install/robotic_arm/share/robotic_arm/environment/path.sh
[0.469s] -- Up-to-date symlink: /home/sage/arm/install/robotic_arm/share/robotic_arm/environment/path.dsv
[0.469s] -- Up-to-date symlink: /home/sage/arm/install/robotic_arm/share/robotic_arm/local_setup.bash
[0.470s] -- Up-to-date symlink: /home/sage/arm/install/robotic_arm/share/robotic_arm/local_setup.sh
[0.470s] -- Up-to-date symlink: /home/sage/arm/install/robotic_arm/share/robotic_arm/local_setup.zsh
[0.470s] -- Up-to-date symlink: /home/sage/arm/install/robotic_arm/share/robotic_arm/local_setup.dsv
[0.470s] -- Symlinking: /home/sage/arm/install/robotic_arm/share/robotic_arm/package.dsv
[0.484s] -- Up-to-date symlink: /home/sage/arm/install/robotic_arm/share/ament_index/resource_index/packages/robotic_arm
[0.484s] -- Up-to-date symlink: /home/sage/arm/install/robotic_arm/share/robotic_arm/cmake/robotic_armConfig.cmake
[0.484s] -- Up-to-date symlink: /home/sage/arm/install/robotic_arm/share/robotic_arm/cmake/robotic_armConfig-version.cmake
[0.484s] -- Up-to-date symlink: /home/sage/arm/install/robotic_arm/share/robotic_arm/package.xml
[0.486s] Invoked command in '/home/sage/arm/build/robotic_arm' returned '0': CMAKE_PREFIX_PATH=${CMAKE_PREFIX_PATH}:/home/sage/microros_ws/install/sensor_msgs_py:/home/sage/ros/install/my_robo:/home/sage/ros/install/cartographer_launch:/home/sage/ros/install/assign:/opt/ros/humble /usr/bin/cmake --install /home/sage/arm/build/robotic_arm
