[0.027s] Invoking command in '/home/sage/arm/build/robotic_arm': CMAKE_PREFIX_PATH=${CMAKE_PREFIX_PATH}:/home/sage/microros_ws/install/sensor_msgs_py:/home/sage/ros/install/my_robo:/home/sage/ros/install/cartographer_launch:/home/sage/ros/install/assign:/opt/ros/humble /usr/bin/cmake /home/sage/arm/src/robotic_arm -DAMENT_CMAKE_SYMLINK_INSTALL=1 -DCMAKE_INSTALL_PREFIX=/home/sage/arm/install/robotic_arm
[0.090s] -- Found ament_cmake: 1.3.9 (/opt/ros/humble/share/ament_cmake/cmake)
[0.318s] -- Override CMake install command with custom implementation using symlinks instead of copying resources
[0.447s] -- Configuring done
[0.454s] -- Generating done
[0.455s] -- Build files have been written to: /home/sage/arm/build/robotic_arm
[0.462s] Invoked command in '/home/sage/arm/build/robotic_arm' returned '0': CMAKE_PREFIX_PATH=${CMAKE_PREFIX_PATH}:/home/sage/microros_ws/install/sensor_msgs_py:/home/sage/ros/install/my_robo:/home/sage/ros/install/cartographer_launch:/home/sage/ros/install/assign:/opt/ros/humble /usr/bin/cmake /home/sage/arm/src/robotic_arm -DAMENT_CMAKE_SYMLINK_INSTALL=1 -DCMAKE_INSTALL_PREFIX=/home/sage/arm/install/robotic_arm
[0.463s] Invoking command in '/home/sage/arm/build/robotic_arm': CMAKE_PREFIX_PATH=${CMAKE_PREFIX_PATH}:/home/sage/microros_ws/install/sensor_msgs_py:/home/sage/ros/install/my_robo:/home/sage/ros/install/cartographer_launch:/home/sage/ros/install/assign:/opt/ros/humble /usr/bin/cmake --build /home/sage/arm/build/robotic_arm -- -j16 -l16
[0.531s] Invoked command in '/home/sage/arm/build/robotic_arm' returned '0': CMAKE_PREFIX_PATH=${CMAKE_PREFIX_PATH}:/home/sage/microros_ws/install/sensor_msgs_py:/home/sage/ros/install/my_robo:/home/sage/ros/install/cartographer_launch:/home/sage/ros/install/assign:/opt/ros/humble /usr/bin/cmake --build /home/sage/arm/build/robotic_arm -- -j16 -l16
[0.600s] Invoking command in '/home/sage/arm/build/robotic_arm': CMAKE_PREFIX_PATH=${CMAKE_PREFIX_PATH}:/home/sage/microros_ws/install/sensor_msgs_py:/home/sage/ros/install/my_robo:/home/sage/ros/install/cartographer_launch:/home/sage/ros/install/assign:/opt/ros/humble /usr/bin/cmake --install /home/sage/arm/build/robotic_arm
[0.613s] -- Install configuration: ""
[0.613s] -- Execute custom install script
[0.614s] -- Symlinking: /home/sage/arm/install/robotic_arm/share/robotic_arm/urdf/robotic_arm.urdf
[0.633s] -- Symlinking: /home/sage/arm/install/robotic_arm/share/robotic_arm/meshes/base_link.STL
[0.647s] -- Symlinking: /home/sage/arm/install/robotic_arm/share/robotic_arm/meshes/ee_link.STL
[0.659s] -- Symlinking: /home/sage/arm/install/robotic_arm/share/robotic_arm/meshes/elbow_link.STL
[0.674s] -- Symlinking: /home/sage/arm/install/robotic_arm/share/robotic_arm/meshes/shoulder_link.STL
[0.689s] -- Symlinking: /home/sage/arm/install/robotic_arm/share/robotic_arm/meshes/upper_arm_link.STL
[0.704s] -- Symlinking: /home/sage/arm/install/robotic_arm/share/robotic_arm/meshes/wrist_link.STL
[0.720s] -- Symlinking: /home/sage/arm/install/robotic_arm/share/ament_index/resource_index/package_run_dependencies/robotic_arm
[0.735s] -- Symlinking: /home/sage/arm/install/robotic_arm/share/ament_index/resource_index/parent_prefix_path/robotic_arm
[0.753s] -- Symlinking: /home/sage/arm/install/robotic_arm/share/robotic_arm/environment/ament_prefix_path.sh
[0.770s] -- Symlinking: /home/sage/arm/install/robotic_arm/share/robotic_arm/environment/ament_prefix_path.dsv
[0.783s] -- Symlinking: /home/sage/arm/install/robotic_arm/share/robotic_arm/environment/path.sh
[0.797s] -- Symlinking: /home/sage/arm/install/robotic_arm/share/robotic_arm/environment/path.dsv
[0.811s] -- Symlinking: /home/sage/arm/install/robotic_arm/share/robotic_arm/local_setup.bash
[0.826s] -- Symlinking: /home/sage/arm/install/robotic_arm/share/robotic_arm/local_setup.sh
[0.839s] -- Symlinking: /home/sage/arm/install/robotic_arm/share/robotic_arm/local_setup.zsh
[0.855s] -- Symlinking: /home/sage/arm/install/robotic_arm/share/robotic_arm/local_setup.dsv
[0.871s] -- Symlinking: /home/sage/arm/install/robotic_arm/share/robotic_arm/package.dsv
[0.887s] -- Symlinking: /home/sage/arm/install/robotic_arm/share/ament_index/resource_index/packages/robotic_arm
[0.901s] -- Symlinking: /home/sage/arm/install/robotic_arm/share/robotic_arm/cmake/robotic_armConfig.cmake
[0.914s] -- Symlinking: /home/sage/arm/install/robotic_arm/share/robotic_arm/cmake/robotic_armConfig-version.cmake
[0.927s] -- Symlinking: /home/sage/arm/install/robotic_arm/share/robotic_arm/package.xml
[0.946s] Invoked command in '/home/sage/arm/build/robotic_arm' returned '0': CMAKE_PREFIX_PATH=${CMAKE_PREFIX_PATH}:/home/sage/microros_ws/install/sensor_msgs_py:/home/sage/ros/install/my_robo:/home/sage/ros/install/cartographer_launch:/home/sage/ros/install/assign:/opt/ros/humble /usr/bin/cmake --install /home/sage/arm/build/robotic_arm
