[0.062s] DEBUG:colcon:Command line arguments: ['/usr/bin/colcon', 'build']
[0.062s] DEBUG:colcon:Parsed command line arguments: Namespace(log_base=None, log_level=None, verb_name='build', build_base='build', install_base='install', merge_install=False, symlink_install=False, test_result_base=None, continue_on_error=False, executor='parallel', parallel_workers=16, event_handlers=None, ignore_user_meta=False, metas=['./colcon.meta'], base_paths=['.'], packages_ignore=None, packages_ignore_regex=None, paths=None, packages_up_to=None, packages_up_to_regex=None, packages_above=None, packages_above_and_dependencies=None, packages_above_depth=None, packages_select_by_dep=None, packages_skip_by_dep=None, packages_skip_up_to=None, packages_select_build_failed=False, packages_skip_build_finished=False, packages_select_test_failures=False, packages_skip_test_passed=False, packages_select=None, packages_skip=None, packages_select_regex=None, packages_skip_regex=None, packages_start=None, packages_end=None, allow_overriding=[], cmake_args=None, cmake_target=None, cmake_target_skip_unavailable=False, cmake_clean_cache=False, cmake_clean_first=False, cmake_force_configure=False, ament_cmake_args=None, catkin_cmake_args=None, catkin_skip_building_tests=False, verb_parser=<colcon_defaults.argument_parser.defaults.DefaultArgumentsDecorator object at 0x781bc1c716f0>, verb_extension=<colcon_core.verb.build.BuildVerb object at 0x781bc1c711e0>, main=<bound method BuildVerb.main of <colcon_core.verb.build.BuildVerb object at 0x781bc1c711e0>>)
[0.084s] Level 1:colcon.colcon_core.package_discovery:discover_packages(colcon_meta) check parameters
[0.084s] Level 1:colcon.colcon_core.package_discovery:discover_packages(recursive) check parameters
[0.084s] Level 1:colcon.colcon_core.package_discovery:discover_packages(ignore) check parameters
[0.084s] Level 1:colcon.colcon_core.package_discovery:discover_packages(path) check parameters
[0.084s] Level 1:colcon.colcon_core.package_discovery:discover_packages(colcon_meta) discover
[0.084s] Level 1:colcon.colcon_core.package_discovery:discover_packages(recursive) discover
[0.084s] INFO:colcon.colcon_core.package_discovery:Crawling recursively for packages in '/home/sage/arm'
[0.084s] Level 1:colcon.colcon_core.package_identification:_identify(.) by extensions ['ignore', 'ignore_ament_install']
[0.084s] Level 1:colcon.colcon_core.package_identification:_identify(.) by extension 'ignore'
[0.084s] Level 1:colcon.colcon_core.package_identification:_identify(.) by extension 'ignore_ament_install'
[0.084s] Level 1:colcon.colcon_core.package_identification:_identify(.) by extensions ['colcon_pkg']
[0.084s] Level 1:colcon.colcon_core.package_identification:_identify(.) by extension 'colcon_pkg'
[0.084s] Level 1:colcon.colcon_core.package_identification:_identify(.) by extensions ['colcon_meta']
[0.084s] Level 1:colcon.colcon_core.package_identification:_identify(.) by extension 'colcon_meta'
[0.084s] Level 1:colcon.colcon_core.package_identification:_identify(.) by extensions ['ros']
[0.084s] Level 1:colcon.colcon_core.package_identification:_identify(.) by extension 'ros'
[0.093s] Level 1:colcon.colcon_core.package_identification:_identify(.) by extensions ['cmake', 'python']
[0.093s] Level 1:colcon.colcon_core.package_identification:_identify(.) by extension 'cmake'
[0.093s] Level 1:colcon.colcon_core.package_identification:_identify(.) by extension 'python'
[0.093s] Level 1:colcon.colcon_core.package_identification:_identify(.) by extensions ['python_setup_py']
[0.093s] Level 1:colcon.colcon_core.package_identification:_identify(.) by extension 'python_setup_py'
[0.093s] Level 1:colcon.colcon_core.package_identification:_identify(build) by extensions ['ignore', 'ignore_ament_install']
[0.093s] Level 1:colcon.colcon_core.package_identification:_identify(build) by extension 'ignore'
[0.093s] Level 1:colcon.colcon_core.package_identification:_identify(build) ignored
[0.093s] Level 1:colcon.colcon_core.package_identification:_identify(install) by extensions ['ignore', 'ignore_ament_install']
[0.093s] Level 1:colcon.colcon_core.package_identification:_identify(install) by extension 'ignore'
[0.093s] Level 1:colcon.colcon_core.package_identification:_identify(install) ignored
[0.094s] Level 1:colcon.colcon_core.package_identification:_identify(log) by extensions ['ignore', 'ignore_ament_install']
[0.094s] Level 1:colcon.colcon_core.package_identification:_identify(log) by extension 'ignore'
[0.094s] Level 1:colcon.colcon_core.package_identification:_identify(log) ignored
[0.094s] Level 1:colcon.colcon_core.package_identification:_identify(src) by extensions ['ignore', 'ignore_ament_install']
[0.094s] Level 1:colcon.colcon_core.package_identification:_identify(src) by extension 'ignore'
[0.094s] Level 1:colcon.colcon_core.package_identification:_identify(src) by extension 'ignore_ament_install'
[0.094s] Level 1:colcon.colcon_core.package_identification:_identify(src) by extensions ['colcon_pkg']
[0.094s] Level 1:colcon.colcon_core.package_identification:_identify(src) by extension 'colcon_pkg'
[0.094s] Level 1:colcon.colcon_core.package_identification:_identify(src) by extensions ['colcon_meta']
[0.094s] Level 1:colcon.colcon_core.package_identification:_identify(src) by extension 'colcon_meta'
[0.094s] Level 1:colcon.colcon_core.package_identification:_identify(src) by extensions ['ros']
[0.094s] Level 1:colcon.colcon_core.package_identification:_identify(src) by extension 'ros'
[0.094s] Level 1:colcon.colcon_core.package_identification:_identify(src) by extensions ['cmake', 'python']
[0.094s] Level 1:colcon.colcon_core.package_identification:_identify(src) by extension 'cmake'
[0.094s] Level 1:colcon.colcon_core.package_identification:_identify(src) by extension 'python'
[0.094s] Level 1:colcon.colcon_core.package_identification:_identify(src) by extensions ['python_setup_py']
[0.094s] Level 1:colcon.colcon_core.package_identification:_identify(src) by extension 'python_setup_py'
[0.094s] Level 1:colcon.colcon_core.package_identification:_identify(src/robotic_arm) by extensions ['ignore', 'ignore_ament_install']
[0.094s] Level 1:colcon.colcon_core.package_identification:_identify(src/robotic_arm) by extension 'ignore'
[0.094s] Level 1:colcon.colcon_core.package_identification:_identify(src/robotic_arm) by extension 'ignore_ament_install'
[0.094s] Level 1:colcon.colcon_core.package_identification:_identify(src/robotic_arm) by extensions ['colcon_pkg']
[0.094s] Level 1:colcon.colcon_core.package_identification:_identify(src/robotic_arm) by extension 'colcon_pkg'
[0.094s] Level 1:colcon.colcon_core.package_identification:_identify(src/robotic_arm) by extensions ['colcon_meta']
[0.094s] Level 1:colcon.colcon_core.package_identification:_identify(src/robotic_arm) by extension 'colcon_meta'
[0.094s] Level 1:colcon.colcon_core.package_identification:_identify(src/robotic_arm) by extensions ['ros']
[0.094s] Level 1:colcon.colcon_core.package_identification:_identify(src/robotic_arm) by extension 'ros'
[0.096s] DEBUG:colcon.colcon_core.package_identification:Package 'src/robotic_arm' with type 'ros.ament_cmake' and name 'robotic_arm'
[0.096s] Level 1:colcon.colcon_core.package_identification:_identify(src/your_moveit_config) by extensions ['ignore', 'ignore_ament_install']
[0.096s] Level 1:colcon.colcon_core.package_identification:_identify(src/your_moveit_config) by extension 'ignore'
[0.096s] Level 1:colcon.colcon_core.package_identification:_identify(src/your_moveit_config) by extension 'ignore_ament_install'
[0.096s] Level 1:colcon.colcon_core.package_identification:_identify(src/your_moveit_config) by extensions ['colcon_pkg']
[0.096s] Level 1:colcon.colcon_core.package_identification:_identify(src/your_moveit_config) by extension 'colcon_pkg'
[0.096s] Level 1:colcon.colcon_core.package_identification:_identify(src/your_moveit_config) by extensions ['colcon_meta']
[0.096s] Level 1:colcon.colcon_core.package_identification:_identify(src/your_moveit_config) by extension 'colcon_meta'
[0.096s] Level 1:colcon.colcon_core.package_identification:_identify(src/your_moveit_config) by extensions ['ros']
[0.096s] Level 1:colcon.colcon_core.package_identification:_identify(src/your_moveit_config) by extension 'ros'
[0.096s] DEBUG:colcon.colcon_core.package_identification:Package 'src/your_moveit_config' with type 'ros.ament_cmake' and name 'your_moveit_config'
[0.096s] Level 1:colcon.colcon_core.package_discovery:discover_packages(recursive) using defaults
[0.096s] Level 1:colcon.colcon_core.package_discovery:discover_packages(ignore) discover
[0.096s] Level 1:colcon.colcon_core.package_discovery:discover_packages(ignore) using defaults
[0.096s] Level 1:colcon.colcon_core.package_discovery:discover_packages(path) discover
[0.096s] Level 1:colcon.colcon_core.package_discovery:discover_packages(path) using defaults
[0.109s] Level 1:colcon.colcon_core.package_discovery:discover_packages(prefix_path) check parameters
[0.109s] Level 1:colcon.colcon_core.package_discovery:discover_packages(prefix_path) discover
[0.110s] DEBUG:colcon.colcon_installed_package_information.package_discovery:Found 2 installed packages in /home/sage/arm/install
[0.111s] DEBUG:colcon.colcon_installed_package_information.package_discovery:Found 39 installed packages in /home/sage/microros_ws/install
[0.111s] DEBUG:colcon.colcon_installed_package_information.package_discovery:Found 4 installed packages in /home/sage/ros/install
[0.112s] DEBUG:colcon.colcon_installed_package_information.package_discovery:Found 485 installed packages in /opt/ros/humble
[0.114s] Level 1:colcon.colcon_core.package_discovery:discover_packages(prefix_path) using defaults
[0.147s] Level 5:colcon.colcon_core.verb:set package 'robotic_arm' build argument 'cmake_args' from command line to 'None'
[0.147s] Level 5:colcon.colcon_core.verb:set package 'robotic_arm' build argument 'cmake_target' from command line to 'None'
[0.147s] Level 5:colcon.colcon_core.verb:set package 'robotic_arm' build argument 'cmake_target_skip_unavailable' from command line to 'False'
[0.147s] Level 5:colcon.colcon_core.verb:set package 'robotic_arm' build argument 'cmake_clean_cache' from command line to 'False'
[0.147s] Level 5:colcon.colcon_core.verb:set package 'robotic_arm' build argument 'cmake_clean_first' from command line to 'False'
[0.147s] Level 5:colcon.colcon_core.verb:set package 'robotic_arm' build argument 'cmake_force_configure' from command line to 'False'
[0.147s] Level 5:colcon.colcon_core.verb:set package 'robotic_arm' build argument 'ament_cmake_args' from command line to 'None'
[0.147s] Level 5:colcon.colcon_core.verb:set package 'robotic_arm' build argument 'catkin_cmake_args' from command line to 'None'
[0.147s] Level 5:colcon.colcon_core.verb:set package 'robotic_arm' build argument 'catkin_skip_building_tests' from command line to 'False'
[0.147s] DEBUG:colcon.colcon_core.verb:Building package 'robotic_arm' with the following arguments: {'ament_cmake_args': None, 'build_base': '/home/sage/arm/build/robotic_arm', 'catkin_cmake_args': None, 'catkin_skip_building_tests': False, 'cmake_args': None, 'cmake_clean_cache': False, 'cmake_clean_first': False, 'cmake_force_configure': False, 'cmake_target': None, 'cmake_target_skip_unavailable': False, 'install_base': '/home/sage/arm/install/robotic_arm', 'merge_install': False, 'path': '/home/sage/arm/src/robotic_arm', 'symlink_install': False, 'test_result_base': None}
[0.148s] Level 5:colcon.colcon_core.verb:set package 'your_moveit_config' build argument 'cmake_args' from command line to 'None'
[0.148s] Level 5:colcon.colcon_core.verb:set package 'your_moveit_config' build argument 'cmake_target' from command line to 'None'
[0.148s] Level 5:colcon.colcon_core.verb:set package 'your_moveit_config' build argument 'cmake_target_skip_unavailable' from command line to 'False'
[0.148s] Level 5:colcon.colcon_core.verb:set package 'your_moveit_config' build argument 'cmake_clean_cache' from command line to 'False'
[0.148s] Level 5:colcon.colcon_core.verb:set package 'your_moveit_config' build argument 'cmake_clean_first' from command line to 'False'
[0.148s] Level 5:colcon.colcon_core.verb:set package 'your_moveit_config' build argument 'cmake_force_configure' from command line to 'False'
[0.148s] Level 5:colcon.colcon_core.verb:set package 'your_moveit_config' build argument 'ament_cmake_args' from command line to 'None'
[0.148s] Level 5:colcon.colcon_core.verb:set package 'your_moveit_config' build argument 'catkin_cmake_args' from command line to 'None'
[0.148s] Level 5:colcon.colcon_core.verb:set package 'your_moveit_config' build argument 'catkin_skip_building_tests' from command line to 'False'
[0.148s] DEBUG:colcon.colcon_core.verb:Building package 'your_moveit_config' with the following arguments: {'ament_cmake_args': None, 'build_base': '/home/sage/arm/build/your_moveit_config', 'catkin_cmake_args': None, 'catkin_skip_building_tests': False, 'cmake_args': None, 'cmake_clean_cache': False, 'cmake_clean_first': False, 'cmake_force_configure': False, 'cmake_target': None, 'cmake_target_skip_unavailable': False, 'install_base': '/home/sage/arm/install/your_moveit_config', 'merge_install': False, 'path': '/home/sage/arm/src/your_moveit_config', 'symlink_install': False, 'test_result_base': None}
[0.148s] INFO:colcon.colcon_core.executor:Executing jobs using 'parallel' executor
[0.149s] DEBUG:colcon.colcon_parallel_executor.executor.parallel:run_until_complete
[0.149s] INFO:colcon.colcon_ros.task.ament_cmake.build:Building ROS package in '/home/sage/arm/src/robotic_arm' with build type 'ament_cmake'
[0.149s] INFO:colcon.colcon_cmake.task.cmake.build:Building CMake package in '/home/sage/arm/src/robotic_arm'
[0.150s] INFO:colcon.colcon_core.plugin_system:Skipping extension 'colcon_core.shell.bat': Not used on non-Windows systems
[0.150s] INFO:colcon.colcon_core.shell:Skip shell extension 'powershell' for command environment: Not usable outside of PowerShell
[0.150s] DEBUG:colcon.colcon_core.shell:Skip shell extension 'dsv' for command environment
[0.159s] DEBUG:colcon.colcon_core.event_handler.log_command:Invoking command in '/home/sage/arm/build/robotic_arm': CMAKE_PREFIX_PATH=${CMAKE_PREFIX_PATH}:/home/sage/microros_ws/install/sensor_msgs_py:/home/sage/ros/install/my_robo:/home/sage/ros/install/cartographer_launch:/home/sage/ros/install/assign:/opt/ros/humble /usr/bin/cmake --build /home/sage/arm/build/robotic_arm -- -j16 -l16
[0.197s] DEBUG:colcon.colcon_core.event_handler.log_command:Invoked command in '/home/sage/arm/build/robotic_arm' returned '0': CMAKE_PREFIX_PATH=${CMAKE_PREFIX_PATH}:/home/sage/microros_ws/install/sensor_msgs_py:/home/sage/ros/install/my_robo:/home/sage/ros/install/cartographer_launch:/home/sage/ros/install/assign:/opt/ros/humble /usr/bin/cmake --build /home/sage/arm/build/robotic_arm -- -j16 -l16
[0.229s] DEBUG:colcon.colcon_core.event_handler.log_command:Invoking command in '/home/sage/arm/build/robotic_arm': CMAKE_PREFIX_PATH=${CMAKE_PREFIX_PATH}:/home/sage/microros_ws/install/sensor_msgs_py:/home/sage/ros/install/my_robo:/home/sage/ros/install/cartographer_launch:/home/sage/ros/install/assign:/opt/ros/humble /usr/bin/cmake --install /home/sage/arm/build/robotic_arm
[0.236s] Level 1:colcon.colcon_core.environment:create_environment_scripts_only(robotic_arm)
[0.236s] DEBUG:colcon.colcon_core.event_handler.log_command:Invoked command in '/home/sage/arm/build/robotic_arm' returned '0': CMAKE_PREFIX_PATH=${CMAKE_PREFIX_PATH}:/home/sage/microros_ws/install/sensor_msgs_py:/home/sage/ros/install/my_robo:/home/sage/ros/install/cartographer_launch:/home/sage/ros/install/assign:/opt/ros/humble /usr/bin/cmake --install /home/sage/arm/build/robotic_arm
[0.237s] Level 1:colcon.colcon_core.environment:checking '/home/sage/arm/install/robotic_arm' for CMake module files
[0.238s] Level 1:colcon.colcon_core.environment:checking '/home/sage/arm/install/robotic_arm' for CMake config files
[0.238s] Level 1:colcon.colcon_core.shell:create_environment_hook('robotic_arm', 'cmake_prefix_path')
[0.238s] INFO:colcon.colcon_core.shell:Creating environment hook '/home/sage/arm/install/robotic_arm/share/robotic_arm/hook/cmake_prefix_path.ps1'
[0.238s] INFO:colcon.colcon_core.shell:Creating environment descriptor '/home/sage/arm/install/robotic_arm/share/robotic_arm/hook/cmake_prefix_path.dsv'
[0.238s] INFO:colcon.colcon_core.shell:Creating environment hook '/home/sage/arm/install/robotic_arm/share/robotic_arm/hook/cmake_prefix_path.sh'
[0.239s] Level 1:colcon.colcon_core.environment:checking '/home/sage/arm/install/robotic_arm/bin'
[0.239s] Level 1:colcon.colcon_core.environment:checking '/home/sage/arm/install/robotic_arm/lib/pkgconfig/robotic_arm.pc'
[0.239s] Level 1:colcon.colcon_core.environment:checking '/home/sage/arm/install/robotic_arm/lib/python3.10/site-packages'
[0.239s] Level 1:colcon.colcon_core.environment:checking '/home/sage/arm/install/robotic_arm/bin'
[0.239s] INFO:colcon.colcon_core.shell:Creating package script '/home/sage/arm/install/robotic_arm/share/robotic_arm/package.ps1'
[0.239s] INFO:colcon.colcon_core.shell:Creating package descriptor '/home/sage/arm/install/robotic_arm/share/robotic_arm/package.dsv'
[0.240s] INFO:colcon.colcon_core.shell:Creating package script '/home/sage/arm/install/robotic_arm/share/robotic_arm/package.sh'
[0.240s] INFO:colcon.colcon_core.shell:Creating package script '/home/sage/arm/install/robotic_arm/share/robotic_arm/package.bash'
[0.240s] INFO:colcon.colcon_core.shell:Creating package script '/home/sage/arm/install/robotic_arm/share/robotic_arm/package.zsh'
[0.241s] Level 1:colcon.colcon_core.environment:create_file_with_runtime_dependencies(/home/sage/arm/install/robotic_arm/share/colcon-core/packages/robotic_arm)
[0.269s] Level 1:colcon.colcon_core.environment:create_environment_scripts_only(robotic_arm)
[0.269s] Level 1:colcon.colcon_core.environment:checking '/home/sage/arm/install/robotic_arm' for CMake module files
[0.270s] Level 1:colcon.colcon_core.environment:checking '/home/sage/arm/install/robotic_arm' for CMake config files
[0.270s] Level 1:colcon.colcon_core.shell:create_environment_hook('robotic_arm', 'cmake_prefix_path')
[0.270s] INFO:colcon.colcon_core.shell:Creating environment hook '/home/sage/arm/install/robotic_arm/share/robotic_arm/hook/cmake_prefix_path.ps1'
[0.270s] INFO:colcon.colcon_core.shell:Creating environment descriptor '/home/sage/arm/install/robotic_arm/share/robotic_arm/hook/cmake_prefix_path.dsv'
[0.270s] INFO:colcon.colcon_core.shell:Creating environment hook '/home/sage/arm/install/robotic_arm/share/robotic_arm/hook/cmake_prefix_path.sh'
[0.270s] Level 1:colcon.colcon_core.environment:checking '/home/sage/arm/install/robotic_arm/bin'
[0.270s] Level 1:colcon.colcon_core.environment:checking '/home/sage/arm/install/robotic_arm/lib/pkgconfig/robotic_arm.pc'
[0.271s] Level 1:colcon.colcon_core.environment:checking '/home/sage/arm/install/robotic_arm/lib/python3.10/site-packages'
[0.271s] Level 1:colcon.colcon_core.environment:checking '/home/sage/arm/install/robotic_arm/bin'
[0.271s] INFO:colcon.colcon_core.shell:Creating package script '/home/sage/arm/install/robotic_arm/share/robotic_arm/package.ps1'
[0.271s] INFO:colcon.colcon_core.shell:Creating package descriptor '/home/sage/arm/install/robotic_arm/share/robotic_arm/package.dsv'
[0.271s] INFO:colcon.colcon_core.shell:Creating package script '/home/sage/arm/install/robotic_arm/share/robotic_arm/package.sh'
[0.271s] INFO:colcon.colcon_core.shell:Creating package script '/home/sage/arm/install/robotic_arm/share/robotic_arm/package.bash'
[0.272s] INFO:colcon.colcon_core.shell:Creating package script '/home/sage/arm/install/robotic_arm/share/robotic_arm/package.zsh'
[0.272s] Level 1:colcon.colcon_core.environment:create_file_with_runtime_dependencies(/home/sage/arm/install/robotic_arm/share/colcon-core/packages/robotic_arm)
[0.272s] INFO:colcon.colcon_ros.task.ament_cmake.build:Building ROS package in '/home/sage/arm/src/your_moveit_config' with build type 'ament_cmake'
[0.272s] INFO:colcon.colcon_cmake.task.cmake.build:Building CMake package in '/home/sage/arm/src/your_moveit_config'
[0.272s] INFO:colcon.colcon_core.shell:Skip shell extension 'powershell' for command environment: Not usable outside of PowerShell
[0.272s] DEBUG:colcon.colcon_core.shell:Skip shell extension 'dsv' for command environment
[0.281s] DEBUG:colcon.colcon_core.event_handler.log_command:Invoking command in '/home/sage/arm/build/your_moveit_config': CMAKE_PREFIX_PATH=/home/sage/arm/install/robotic_arm:/home/sage/arm/install/your_moveit_config:/home/sage/microros_ws/install/micro_ros_demos_rclc:/home/sage/microros_ws/install/common_interfaces:/home/sage/microros_ws/install/visualization_msgs:/home/sage/microros_ws/install/test_msgs:/home/sage/microros_ws/install/example_interfaces:/home/sage/microros_ws/install/action_msgs:/home/sage/microros_ws/install/unique_identifier_msgs:/home/sage/microros_ws/install/trajectory_msgs:/home/sage/microros_ws/install/stereo_msgs:/home/sage/microros_ws/install/std_srvs:/home/sage/microros_ws/install/shape_msgs:/home/sage/microros_ws/install/sensor_msgs:/home/sage/microros_ws/install/nav_msgs:/home/sage/microros_ws/install/diagnostic_msgs:/home/sage/microros_ws/install/geometry_msgs:/home/sage/microros_ws/install/actionlib_msgs:/home/sage/microros_ws/install/std_msgs:/home/sage/microros_ws/install/statistics_msgs:/home/sage/microros_ws/install/rosidl_typesupport_microxrcedds_test_msg:/home/sage/microros_ws/install/rosidl_typesupport_microxrcedds_cpp_tests:/home/sage/microros_ws/install/rmw_microxrcedds:/home/sage/microros_ws/install/rosidl_typesupport_microxrcedds_cpp:/home/sage/microros_ws/install/rosidl_typesupport_microxrcedds_c_tests:/home/sage/microros_ws/install/rosidl_typesupport_microxrcedds_c:/home/sage/microros_ws/install/rosgraph_msgs:/home/sage/microros_ws/install/rclc_parameter:/home/sage/microros_ws/install/rclc:/home/sage/microros_ws/install/composition_interfaces:/home/sage/microros_ws/install/rcl_interfaces:/home/sage/microros_ws/install/microxrcedds_client:/home/sage/microros_ws/install/microcdr:/home/sage/microros_ws/install/micro_ros_utilities:/home/sage/microros_ws/install/micro_ros_setup:/home/sage/microros_ws/install/micro_ros_agent:/home/sage/microros_ws/install/micro_ros_msgs:/home/sage/microros_ws/install/lifecycle_msgs:/home/sage/microros_ws/install/complex_msgs:/home/sage/microros_ws/install/builtin_interfaces:/home/sage/ros/install/launcher_bringup:/home/sage/microros_ws/install/sensor_msgs_py:/home/sage/ros/install/my_robo:/home/sage/ros/install/cartographer_launch:/home/sage/ros/install/assign:/opt/ros/humble /usr/bin/cmake --build /home/sage/arm/build/your_moveit_config -- -j16 -l16
[0.312s] DEBUG:colcon.colcon_core.event_handler.log_command:Invoked command in '/home/sage/arm/build/your_moveit_config' returned '0': CMAKE_PREFIX_PATH=/home/sage/arm/install/robotic_arm:/home/sage/arm/install/your_moveit_config:/home/sage/microros_ws/install/micro_ros_demos_rclc:/home/sage/microros_ws/install/common_interfaces:/home/sage/microros_ws/install/visualization_msgs:/home/sage/microros_ws/install/test_msgs:/home/sage/microros_ws/install/example_interfaces:/home/sage/microros_ws/install/action_msgs:/home/sage/microros_ws/install/unique_identifier_msgs:/home/sage/microros_ws/install/trajectory_msgs:/home/sage/microros_ws/install/stereo_msgs:/home/sage/microros_ws/install/std_srvs:/home/sage/microros_ws/install/shape_msgs:/home/sage/microros_ws/install/sensor_msgs:/home/sage/microros_ws/install/nav_msgs:/home/sage/microros_ws/install/diagnostic_msgs:/home/sage/microros_ws/install/geometry_msgs:/home/sage/microros_ws/install/actionlib_msgs:/home/sage/microros_ws/install/std_msgs:/home/sage/microros_ws/install/statistics_msgs:/home/sage/microros_ws/install/rosidl_typesupport_microxrcedds_test_msg:/home/sage/microros_ws/install/rosidl_typesupport_microxrcedds_cpp_tests:/home/sage/microros_ws/install/rmw_microxrcedds:/home/sage/microros_ws/install/rosidl_typesupport_microxrcedds_cpp:/home/sage/microros_ws/install/rosidl_typesupport_microxrcedds_c_tests:/home/sage/microros_ws/install/rosidl_typesupport_microxrcedds_c:/home/sage/microros_ws/install/rosgraph_msgs:/home/sage/microros_ws/install/rclc_parameter:/home/sage/microros_ws/install/rclc:/home/sage/microros_ws/install/composition_interfaces:/home/sage/microros_ws/install/rcl_interfaces:/home/sage/microros_ws/install/microxrcedds_client:/home/sage/microros_ws/install/microcdr:/home/sage/microros_ws/install/micro_ros_utilities:/home/sage/microros_ws/install/micro_ros_setup:/home/sage/microros_ws/install/micro_ros_agent:/home/sage/microros_ws/install/micro_ros_msgs:/home/sage/microros_ws/install/lifecycle_msgs:/home/sage/microros_ws/install/complex_msgs:/home/sage/microros_ws/install/builtin_interfaces:/home/sage/ros/install/launcher_bringup:/home/sage/microros_ws/install/sensor_msgs_py:/home/sage/ros/install/my_robo:/home/sage/ros/install/cartographer_launch:/home/sage/ros/install/assign:/opt/ros/humble /usr/bin/cmake --build /home/sage/arm/build/your_moveit_config -- -j16 -l16
[0.339s] DEBUG:colcon.colcon_core.event_handler.log_command:Invoking command in '/home/sage/arm/build/your_moveit_config': CMAKE_PREFIX_PATH=/home/sage/arm/install/robotic_arm:/home/sage/arm/install/your_moveit_config:/home/sage/microros_ws/install/micro_ros_demos_rclc:/home/sage/microros_ws/install/common_interfaces:/home/sage/microros_ws/install/visualization_msgs:/home/sage/microros_ws/install/test_msgs:/home/sage/microros_ws/install/example_interfaces:/home/sage/microros_ws/install/action_msgs:/home/sage/microros_ws/install/unique_identifier_msgs:/home/sage/microros_ws/install/trajectory_msgs:/home/sage/microros_ws/install/stereo_msgs:/home/sage/microros_ws/install/std_srvs:/home/sage/microros_ws/install/shape_msgs:/home/sage/microros_ws/install/sensor_msgs:/home/sage/microros_ws/install/nav_msgs:/home/sage/microros_ws/install/diagnostic_msgs:/home/sage/microros_ws/install/geometry_msgs:/home/sage/microros_ws/install/actionlib_msgs:/home/sage/microros_ws/install/std_msgs:/home/sage/microros_ws/install/statistics_msgs:/home/sage/microros_ws/install/rosidl_typesupport_microxrcedds_test_msg:/home/sage/microros_ws/install/rosidl_typesupport_microxrcedds_cpp_tests:/home/sage/microros_ws/install/rmw_microxrcedds:/home/sage/microros_ws/install/rosidl_typesupport_microxrcedds_cpp:/home/sage/microros_ws/install/rosidl_typesupport_microxrcedds_c_tests:/home/sage/microros_ws/install/rosidl_typesupport_microxrcedds_c:/home/sage/microros_ws/install/rosgraph_msgs:/home/sage/microros_ws/install/rclc_parameter:/home/sage/microros_ws/install/rclc:/home/sage/microros_ws/install/composition_interfaces:/home/sage/microros_ws/install/rcl_interfaces:/home/sage/microros_ws/install/microxrcedds_client:/home/sage/microros_ws/install/microcdr:/home/sage/microros_ws/install/micro_ros_utilities:/home/sage/microros_ws/install/micro_ros_setup:/home/sage/microros_ws/install/micro_ros_agent:/home/sage/microros_ws/install/micro_ros_msgs:/home/sage/microros_ws/install/lifecycle_msgs:/home/sage/microros_ws/install/complex_msgs:/home/sage/microros_ws/install/builtin_interfaces:/home/sage/ros/install/launcher_bringup:/home/sage/microros_ws/install/sensor_msgs_py:/home/sage/ros/install/my_robo:/home/sage/ros/install/cartographer_launch:/home/sage/ros/install/assign:/opt/ros/humble /usr/bin/cmake --install /home/sage/arm/build/your_moveit_config
[0.345s] Level 1:colcon.colcon_core.environment:create_environment_scripts_only(your_moveit_config)
[0.345s] Level 1:colcon.colcon_core.environment:checking '/home/sage/arm/install/your_moveit_config' for CMake module files
[0.345s] DEBUG:colcon.colcon_core.event_handler.log_command:Invoked command in '/home/sage/arm/build/your_moveit_config' returned '0': CMAKE_PREFIX_PATH=/home/sage/arm/install/robotic_arm:/home/sage/arm/install/your_moveit_config:/home/sage/microros_ws/install/micro_ros_demos_rclc:/home/sage/microros_ws/install/common_interfaces:/home/sage/microros_ws/install/visualization_msgs:/home/sage/microros_ws/install/test_msgs:/home/sage/microros_ws/install/example_interfaces:/home/sage/microros_ws/install/action_msgs:/home/sage/microros_ws/install/unique_identifier_msgs:/home/sage/microros_ws/install/trajectory_msgs:/home/sage/microros_ws/install/stereo_msgs:/home/sage/microros_ws/install/std_srvs:/home/sage/microros_ws/install/shape_msgs:/home/sage/microros_ws/install/sensor_msgs:/home/sage/microros_ws/install/nav_msgs:/home/sage/microros_ws/install/diagnostic_msgs:/home/sage/microros_ws/install/geometry_msgs:/home/sage/microros_ws/install/actionlib_msgs:/home/sage/microros_ws/install/std_msgs:/home/sage/microros_ws/install/statistics_msgs:/home/sage/microros_ws/install/rosidl_typesupport_microxrcedds_test_msg:/home/sage/microros_ws/install/rosidl_typesupport_microxrcedds_cpp_tests:/home/sage/microros_ws/install/rmw_microxrcedds:/home/sage/microros_ws/install/rosidl_typesupport_microxrcedds_cpp:/home/sage/microros_ws/install/rosidl_typesupport_microxrcedds_c_tests:/home/sage/microros_ws/install/rosidl_typesupport_microxrcedds_c:/home/sage/microros_ws/install/rosgraph_msgs:/home/sage/microros_ws/install/rclc_parameter:/home/sage/microros_ws/install/rclc:/home/sage/microros_ws/install/composition_interfaces:/home/sage/microros_ws/install/rcl_interfaces:/home/sage/microros_ws/install/microxrcedds_client:/home/sage/microros_ws/install/microcdr:/home/sage/microros_ws/install/micro_ros_utilities:/home/sage/microros_ws/install/micro_ros_setup:/home/sage/microros_ws/install/micro_ros_agent:/home/sage/microros_ws/install/micro_ros_msgs:/home/sage/microros_ws/install/lifecycle_msgs:/home/sage/microros_ws/install/complex_msgs:/home/sage/microros_ws/install/builtin_interfaces:/home/sage/ros/install/launcher_bringup:/home/sage/microros_ws/install/sensor_msgs_py:/home/sage/ros/install/my_robo:/home/sage/ros/install/cartographer_launch:/home/sage/ros/install/assign:/opt/ros/humble /usr/bin/cmake --install /home/sage/arm/build/your_moveit_config
[0.346s] Level 1:colcon.colcon_core.environment:checking '/home/sage/arm/install/your_moveit_config' for CMake config files
[0.346s] Level 1:colcon.colcon_core.shell:create_environment_hook('your_moveit_config', 'cmake_prefix_path')
[0.346s] INFO:colcon.colcon_core.shell:Creating environment hook '/home/sage/arm/install/your_moveit_config/share/your_moveit_config/hook/cmake_prefix_path.ps1'
[0.346s] INFO:colcon.colcon_core.shell:Creating environment descriptor '/home/sage/arm/install/your_moveit_config/share/your_moveit_config/hook/cmake_prefix_path.dsv'
[0.346s] INFO:colcon.colcon_core.shell:Creating environment hook '/home/sage/arm/install/your_moveit_config/share/your_moveit_config/hook/cmake_prefix_path.sh'
[0.347s] Level 1:colcon.colcon_core.environment:checking '/home/sage/arm/install/your_moveit_config/bin'
[0.347s] Level 1:colcon.colcon_core.environment:checking '/home/sage/arm/install/your_moveit_config/lib/pkgconfig/your_moveit_config.pc'
[0.347s] Level 1:colcon.colcon_core.environment:checking '/home/sage/arm/install/your_moveit_config/lib/python3.10/site-packages'
[0.347s] Level 1:colcon.colcon_core.environment:checking '/home/sage/arm/install/your_moveit_config/bin'
[0.347s] INFO:colcon.colcon_core.shell:Creating package script '/home/sage/arm/install/your_moveit_config/share/your_moveit_config/package.ps1'
[0.347s] INFO:colcon.colcon_core.shell:Creating package descriptor '/home/sage/arm/install/your_moveit_config/share/your_moveit_config/package.dsv'
[0.347s] INFO:colcon.colcon_core.shell:Creating package script '/home/sage/arm/install/your_moveit_config/share/your_moveit_config/package.sh'
[0.347s] INFO:colcon.colcon_core.shell:Creating package script '/home/sage/arm/install/your_moveit_config/share/your_moveit_config/package.bash'
[0.348s] INFO:colcon.colcon_core.shell:Creating package script '/home/sage/arm/install/your_moveit_config/share/your_moveit_config/package.zsh'
[0.348s] Level 1:colcon.colcon_core.environment:create_file_with_runtime_dependencies(/home/sage/arm/install/your_moveit_config/share/colcon-core/packages/your_moveit_config)
[0.373s] Level 1:colcon.colcon_core.environment:create_environment_scripts_only(your_moveit_config)
[0.374s] Level 1:colcon.colcon_core.environment:checking '/home/sage/arm/install/your_moveit_config' for CMake module files
[0.374s] Level 1:colcon.colcon_core.environment:checking '/home/sage/arm/install/your_moveit_config' for CMake config files
[0.374s] Level 1:colcon.colcon_core.shell:create_environment_hook('your_moveit_config', 'cmake_prefix_path')
[0.374s] INFO:colcon.colcon_core.shell:Creating environment hook '/home/sage/arm/install/your_moveit_config/share/your_moveit_config/hook/cmake_prefix_path.ps1'
[0.374s] INFO:colcon.colcon_core.shell:Creating environment descriptor '/home/sage/arm/install/your_moveit_config/share/your_moveit_config/hook/cmake_prefix_path.dsv'
[0.374s] INFO:colcon.colcon_core.shell:Creating environment hook '/home/sage/arm/install/your_moveit_config/share/your_moveit_config/hook/cmake_prefix_path.sh'
[0.375s] Level 1:colcon.colcon_core.environment:checking '/home/sage/arm/install/your_moveit_config/bin'
[0.375s] Level 1:colcon.colcon_core.environment:checking '/home/sage/arm/install/your_moveit_config/lib/pkgconfig/your_moveit_config.pc'
[0.375s] Level 1:colcon.colcon_core.environment:checking '/home/sage/arm/install/your_moveit_config/lib/python3.10/site-packages'
[0.375s] Level 1:colcon.colcon_core.environment:checking '/home/sage/arm/install/your_moveit_config/bin'
[0.375s] INFO:colcon.colcon_core.shell:Creating package script '/home/sage/arm/install/your_moveit_config/share/your_moveit_config/package.ps1'
[0.375s] INFO:colcon.colcon_core.shell:Creating package descriptor '/home/sage/arm/install/your_moveit_config/share/your_moveit_config/package.dsv'
[0.376s] INFO:colcon.colcon_core.shell:Creating package script '/home/sage/arm/install/your_moveit_config/share/your_moveit_config/package.sh'
[0.376s] INFO:colcon.colcon_core.shell:Creating package script '/home/sage/arm/install/your_moveit_config/share/your_moveit_config/package.bash'
[0.376s] INFO:colcon.colcon_core.shell:Creating package script '/home/sage/arm/install/your_moveit_config/share/your_moveit_config/package.zsh'
[0.376s] Level 1:colcon.colcon_core.environment:create_file_with_runtime_dependencies(/home/sage/arm/install/your_moveit_config/share/colcon-core/packages/your_moveit_config)
[0.376s] DEBUG:colcon.colcon_parallel_executor.executor.parallel:closing loop
[0.376s] DEBUG:colcon.colcon_parallel_executor.executor.parallel:loop closed
[0.376s] DEBUG:colcon.colcon_parallel_executor.executor.parallel:run_until_complete finished with '0'
[0.376s] DEBUG:colcon.colcon_core.event_reactor:joining thread
[0.380s] INFO:colcon.colcon_core.plugin_system:Skipping extension 'colcon_notification.desktop_notification.terminal_notifier': Not used on non-Darwin systems
[0.380s] INFO:colcon.colcon_core.plugin_system:Skipping extension 'colcon_notification.desktop_notification.win32': Not used on non-Windows systems
[0.380s] INFO:colcon.colcon_notification.desktop_notification:Sending desktop notification using 'notify2'
[0.388s] DEBUG:colcon.colcon_core.event_reactor:joined thread
[0.388s] INFO:colcon.colcon_core.shell:Creating prefix script '/home/sage/arm/install/local_setup.ps1'
[0.389s] INFO:colcon.colcon_core.shell:Creating prefix util module '/home/sage/arm/install/_local_setup_util_ps1.py'
[0.389s] INFO:colcon.colcon_core.shell:Creating prefix chain script '/home/sage/arm/install/setup.ps1'
[0.390s] INFO:colcon.colcon_core.shell:Creating prefix script '/home/sage/arm/install/local_setup.sh'
[0.391s] INFO:colcon.colcon_core.shell:Creating prefix util module '/home/sage/arm/install/_local_setup_util_sh.py'
[0.391s] INFO:colcon.colcon_core.shell:Creating prefix chain script '/home/sage/arm/install/setup.sh'
[0.392s] INFO:colcon.colcon_core.shell:Creating prefix script '/home/sage/arm/install/local_setup.bash'
[0.392s] INFO:colcon.colcon_core.shell:Creating prefix chain script '/home/sage/arm/install/setup.bash'
[0.393s] INFO:colcon.colcon_core.shell:Creating prefix script '/home/sage/arm/install/local_setup.zsh'
[0.393s] INFO:colcon.colcon_core.shell:Creating prefix chain script '/home/sage/arm/install/setup.zsh'
